<?xml version="1.0" encoding="utf-8"?><testsuites name="pytest tests"><testsuite name="pytest" errors="0" failures="0" skipped="0" tests="141" time="50.384" timestamp="2026-08-10T17:07:29.154648+02:00" hostname="Roberts-MacBook-Pro-4.local"><testcase classname="tests.integration.test_mission_type_resolution_integration" name="test_domain_mission_resolves_zero_software_dev_doctrine[documentation]" time="0.098" /><testcase classname="tests.specify_cli.cli.commands.test_completion_fast_path" name="test_manifest_matches_live_cli" time="0.336" /><testcase classname="tests.integration.test_mission_type_resolution_integration" name="test_domain_mission_resolves_zero_software_dev_doctrine[research]" time="0.037" /><testcase classname="tests.integration.test_mission_type_resolution_integration" name="test_domain_mission_resolves_zero_software_dev_doctrine[plan]" time="0.036" /><testcase classname="tests.charter.test_config_stem_parity" name="test_resolve_artifact_urn_is_reject_not_drop_on_unresolvable_stem" time="0.148" /><testcase classname="tests.charter.test_config_stem_parity" name="test_every_activated_directive_stem_round_trips_to_canonical_urn[001-architectural-integrity-standard]" time="0.006" /><testcase classname="tests.charter.test_config_stem_parity" name="test_every_activated_directive_stem_round_trips_to_canonical_urn[003-decision-documentation-requirement]" time="0.007" /><testcase classname="tests.charter.test_config_stem_parity" name="test_every_activated_directive_stem_round_trips_to_canonical_urn[010-specification-fidelity-requirement]" time="0.007" /><testcase classname="tests.charter.test_config_stem_parity" name="test_every_activated_directive_stem_round_trips_to_canonical_urn[018-doctrine-versioning-requirement]" time="0.009" /><testcase classname="tests.integration.test_mission_type_resolution_integration" name="test_domain_mission_covers_expected_membership[documentation]" time="0.028" /><testcase classname="tests.charter.test_config_stem_parity" name="test_every_activated_directive_stem_round_trips_to_canonical_urn[024-locality-of-change]" time="0.010" /><testcase classname="tests.charter.test_config_stem_parity" name="test_every_activated_directive_stem_round_trips_to_canonical_urn[025-boy-scout-rule]" time="0.018" /><testcase classname="tests.integration.test_mission_type_resolution_integration" name="test_domain_mission_covers_expected_membership[research]" time="0.026" /><testcase classname="tests.charter.test_config_stem_parity" name="test_every_activated_directive_stem_round_trips_to_canonical_urn[028-search-tool-discipline]" time="0.018" /><testcase classname="tests.contract.test_charter_compact_includes_section_anchors" name="test_compact_preserves_directive_ids[minimal.md]" time="0.254" /><testcase classname="tests.charter.test_config_stem_parity" name="test_every_activated_directive_stem_round_trips_to_canonical_urn[029-agent-commit-signing-policy]" time="0.018" /><testcase classname="tests.integration.test_mission_type_resolution_integration" name="test_domain_mission_covers_expected_membership[plan]" time="0.025" /><testcase classname="tests.charter.test_config_stem_parity" name="test_every_activated_directive_stem_round_trips_to_canonical_urn[030-test-and-typecheck-quality-gate]" time="0.021" /><testcase classname="tests.integration.test_mission_type_resolution_integration" name="test_unknown_type_mission_raises_clear_error" time="0.012" /><testcase classname="tests.contract.test_charter_compact_includes_section_anchors" name="test_compact_preserves_directive_ids[multidirective.md]" time="0.044" /><testcase classname="tests.integration.test_mission_type_resolution_integration" name="test_software_development_mission_resolves_exact_configured_templates" time="0.022" /><testcase classname="tests.charter.test_config_stem_parity" name="test_every_activated_directive_stem_round_trips_to_canonical_urn[031-context-aware-design]" time="0.023" /><testcase classname="tests.integration.test_mission_type_resolution_integration" name="test_research_mission_resolves_authored_templates" time="0.022" /><testcase classname="tests.contract.test_charter_compact_includes_section_anchors" name="test_compact_preserves_tactic_ids[minimal.md]" time="0.030" /><testcase classname="tests.charter.test_config_stem_parity" name="test_every_activated_directive_stem_round_trips_to_canonical_urn[032-conceptual-alignment]" time="0.026" /><testcase classname="tests.integration.test_mission_type_resolution_integration" name="test_documentation_mission_resolves_authored_templates" time="0.023" /><testcase classname="tests.sync.test_dual_write_integration.TestDualWriteAliasResolvedEverywhere" name="test_dual_write_alias_resolved_everywhere" time="1.043" /><testcase classname="tests.contract.test_charter_compact_includes_section_anchors" name="test_compact_preserves_tactic_ids[multidirective.md]" time="0.039" /><testcase classname="tests.integration.test_mission_type_resolution_integration" name="test_plan_mission_resolves_authored_templates" time="0.023" /><testcase classname="tests.specify_cli.cli.commands.test_completion_fast_path" name="test_fast_path_output_matches_full_app[complete_bash-spec-kitty ]" time="0.076" /><testcase classname="tests.charter.test_config_stem_parity" name="test_every_activated_directive_stem_round_trips_to_canonical_urn[033-targeted-staging-policy]" time="0.027" /><testcase classname="tests.charter.test_config_stem_parity" name="test_every_activated_directive_stem_round_trips_to_canonical_urn[034-test-first-development]" time="0.030" /><testcase classname="tests.contract.test_charter_compact_includes_section_anchors" name="test_compact_preserves_section_anchors[minimal.md]" time="0.027" /><testcase classname="tests.charter.test_config_stem_parity" name="test_every_activated_directive_stem_round_trips_to_canonical_urn[035-bulk-edit-occurrence-classification]" time="0.031" /><testcase classname="tests.contract.test_charter_compact_includes_section_anchors" name="test_compact_preserves_section_anchors[multidirective.md]" time="0.020" /><testcase classname="tests.specify_cli.cli.commands.test_completion_fast_path" name="test_fast_path_output_matches_full_app[complete_bash-spec-kitty agent ]" time="0.074" /><testcase classname="tests.charter.test_config_stem_parity" name="test_every_activated_directive_stem_round_trips_to_canonical_urn[036-black-box-integration-testing]" time="0.036" /><testcase classname="tests.sync.test_daemon_self_retirement.TestDecideSelfRetire" name="test_retires_on_port_mismatch_and_recorded_pid_alive" time="0.453" /><testcase classname="tests.specify_cli.cli.commands.test_completion_fast_path" name="test_fast_path_output_matches_full_app[complete_bash-spec-kitty agent mission ]" time="0.160" /><testcase classname="tests.charter.test_config_stem_parity" name="test_every_activated_directive_stem_round_trips_to_canonical_urn[037-living-documentation-sync]" time="0.038" /><testcase classname="tests.sync.test_daemon_self_retirement.TestDecideSelfRetire" name="test_does_not_retire_on_port_mismatch_when_recorded_pid_dead" time="0.002" /><testcase classname="tests.charter.test_config_stem_parity" name="test_every_activated_directive_stem_round_trips_to_canonical_urn[038-structured-prompt-boundary]" time="0.038" /><testcase classname="tests.sync.test_daemon_self_retirement.TestDecideSelfRetire" name="test_continues_when_port_matches" time="0.002" /><testcase classname="tests.sync.test_daemon_self_retirement.TestDecideSelfRetire" name="test_continues_when_state_file_missing" time="0.002" /><testcase classname="tests.sync.test_daemon_self_retirement.TestDecideSelfRetire" name="test_continues_when_state_file_malformed" time="0.002" /><testcase classname="tests.sync.test_daemon_self_retirement.TestStartSelfCheckTick" name="test_tick_invokes_decide_repeatedly_until_cancelled" time="0.489" /><testcase classname="tests.cli.commands.test_agent_mission_commit_to_branch" name="test_commit_to_branch_treats_empty_safe_commit_as_benign" time="1.401" /><testcase classname="tests.charter.test_config_stem_parity" name="test_every_activated_directive_stem_round_trips_to_canonical_urn[039-lynn-cole-engineering-culture]" time="0.043" /><testcase classname="tests.charter.test_config_stem_parity" name="test_every_activated_directive_stem_round_trips_to_canonical_urn[040-recurring-bug-structural-intervention]" time="0.044" /><testcase classname="tests.cli.test_cli_console" name="test_emit_json_is_plain_under_forced_colour" time="0.623" /><testcase classname="tests.cli.test_cli_console" name="test_emit_json_honours_indent_and_sort_keys" time="0.001" /><testcase classname="tests.cli.test_cli_console" name="test_emit_json_uses_default_serialiser" time="0.001" /><testcase classname="tests.cli.test_cli_console" name="test_print_json_from_serialised_string_is_plain" time="0.001" /><testcase classname="tests.charter.test_config_stem_parity" name="test_every_activated_directive_stem_round_trips_to_canonical_urn[043-close-defect-class-by-construction]" time="0.059" /><testcase classname="tests.charter.test_config_stem_parity" name="test_every_activated_directive_stem_round_trips_to_canonical_urn[044-canonical-sources-and-unification]" time="0.061" /><testcase classname="tests.cli.test_cli_console" name="test_print_json_from_data_kwarg_is_plain" time="0.001" /><testcase classname="tests.cli.test_cli_console" name="test_print_json_accepts_and_ignores_rich_only_kwargs" time="0.001" /><testcase classname="tests.cli.test_cli_console" name="test_set_plain_true_strips_colour_from_human_output" time="0.006" /><testcase classname="tests.cli.test_cli_console" name="test_set_plain_false_restores_colour" time="0.001" /><testcase classname="tests.cli.test_cli_console" name="test_set_plain_does_not_change_width" time="0.001" /><testcase classname="tests.cli.test_cli_console" name="test_vanilla_console_print_json_would_leak_ansi" time="0.003" /><testcase classname="tests.cli.test_cli_console" name="test_module_singletons_are_seam_instances" time="0.001" /><testcase classname="tests.cli.test_cli_console" name="test_err_console_targets_stderr" time="0.001" /><testcase classname="tests.specify_cli.cli.commands.test_completion_fast_path" name="test_fast_path_output_matches_full_app[complete_bash-spec-kitty doctor ]" time="0.075" /><testcase classname="tests.specify_cli.cli.commands.test_completion_fast_path" name="test_fast_path_output_matches_full_app[complete_zsh-spec-kitty ]" time="0.106" /><testcase classname="tests.charter.test_config_stem_parity" name="test_every_activated_directive_stem_round_trips_to_canonical_urn[045-prs-only-and-read-intent]" time="0.063" /><testcase classname="tests.doctrine.drg.migration.test_extractor_projection.TestDRGZeroDelta" name="test_regenerated_graph_matches_baseline_counts" time="2.424" /><testcase classname="tests.charter.test_config_stem_parity" name="test_every_activated_directive_stem_round_trips_to_canonical_urn[041-tests-as-scaffold-not-friction]" time="0.050" /><testcase classname="tests.specify_cli.cli.commands.test_completion_fast_path" name="test_fast_path_output_matches_full_app[complete_zsh-spec-kitty agent ]" time="0.073" /><testcase classname="tests.charter.test_config_stem_parity" name="test_every_activated_directive_stem_round_trips_to_canonical_urn[042-common-docs]" time="0.053" /><testcase classname="tests.specify_cli.cli.commands.test_completion_fast_path" name="test_fast_path_output_matches_full_app[complete_zsh-spec-kitty agent mission ]" time="0.080" /><testcase classname="tests.charter.test_config_stem_parity" name="test_every_activated_directive_stem_round_trips_to_canonical_urn[046-readable-consistent-prs]" time="0.068" /><testcase classname="tests.sync.test_daemon_self_retirement.TestStartSelfCheckTick" name="test_returned_timer_thread_is_daemon" time="0.010" /><testcase classname="tests.charter.test_config_stem_parity" name="test_every_activated_directive_stem_round_trips_to_canonical_urn[047-audience-oriented-writing]" time="0.067" /><testcase classname="tests.sync.test_daemon_self_retirement.TestStartSelfCheckTick" name="test_uses_daemon_tick_seconds_constant_when_not_overridden" time="0.001" /><testcase classname="tests.sync.test_daemon_self_retirement.TestRunSyncDaemonWiring" name="test_serve_forever_exits_cleanly_when_server_shutdown" time="1.713" /><testcase classname="tests.specify_cli.cli.commands.test_completion_fast_path" name="test_fast_path_output_matches_full_app[complete_zsh-spec-kitty doctor ]" time="0.075" /><testcase classname="tests.sync.test_dual_write_integration.TestDualWriteForceTransitionRecorded" name="test_dual_write_force_transition_recorded" time="0.282" /><testcase classname="tests.specify_cli.cli.commands.test_completion_fast_path" name="test_top_level_completion_covers_all_user_facing_commands" time="0.070" /><testcase classname="tests.charter.test_config_stem_parity" name="test_every_activated_directive_stem_round_trips_to_canonical_urn[use-c4-model-techniques]" time="0.088" /><testcase classname="tests.doctrine.drg.test_reachability.TestActionChannelReachability" name="test_action_helper_calls_resolve_context_not_a_reimplemented_walk" time="1.130" /><testcase classname="tests.doctrine.drg.test_reachability.TestActionChannelReachability" name="test_common_docs_cluster_and_asset_are_action_reachable" time="0.011" /><testcase classname="tests.doctrine.drg.test_reachability.TestActionChannelReachability" name="test_ddd_family_is_action_reachable_at_specify_grain" time="0.012" /><testcase classname="tests.doctrine.drg.test_reachability.TestActionChannelReachability" name="test_testing_bdd_family_is_action_reachable_at_implement_review" time="0.012" /><testcase classname="tests.doctrine.drg.test_reachability.TestProfileChannelReachability" name="test_profile_relations_are_requires_and_specializes_from" time="0.001" /><testcase classname="tests.doctrine.drg.test_reachability.TestProfileChannelReachability" name="test_resolve_context_from_a_profile_reaches_nothing" time="0.003" /><testcase classname="tests.doctrine.drg.test_reachability.TestProfileChannelReachability" name="test_profile_channel_is_fail_closed_on_empty_configuration" time="0.001" /><testcase classname="tests.doctrine.drg.test_reachability.TestNominalWiringIsCaughtT047" name="test_incidence_calls_the_nominal_wiring_fixed" time="0.001" /><testcase classname="tests.doctrine.drg.test_reachability.TestNominalWiringIsCaughtT047" name="test_reachability_reports_the_nominal_wiring_unreachable" time="0.001" /><testcase classname="tests.doctrine.drg.test_reachability.TestNominalWiringIsCaughtT047" name="test_positive_control_wiring_to_a_reachable_source_does_reach" time="0.001" /><testcase classname="tests.specify_cli.cli.commands.test_completion_fast_path" name="test_nested_completion_is_scoped_to_group" time="0.002" /><testcase classname="tests.specify_cli.cli.commands.test_completion_fast_path" name="test_saas_gated_commands_follow_environment" time="0.002" /><testcase classname="tests.specify_cli.cli.commands.test_completion_fast_path" name="test_fast_path_defers_for_options_or_no_request[env0]" time="0.001" /><testcase classname="tests.specify_cli.cli.commands.test_completion_fast_path" name="test_fast_path_defers_for_options_or_no_request[env1]" time="0.001" /><testcase classname="tests.specify_cli.cli.commands.test_completion_fast_path" name="test_fast_path_defers_for_options_or_no_request[env2]" time="0.001" /><testcase classname="tests.specify_cli.cli.commands.test_completion_fast_path" name="test_fast_path_defers_for_options_or_no_request[env3]" time="0.001" /><testcase classname="tests.specify_cli.cli.commands.test_completion_fast_path" name="test_fast_path_handles_command_name_request" time="0.001" /><testcase classname="tests.specify_cli.cli.commands.test_completion_fast_path" name="test_completion_fast_path_avoids_heavy_imports" time="0.375" /><testcase classname="tests.charter.test_config_stem_parity" name="test_every_activated_directive_stem_round_trips_to_canonical_urn[048-version-governance]" time="0.071" /><testcase classname="tests.charter.test_config_stem_parity" name="test_every_activated_directive_stem_round_trips_to_canonical_urn[049-agent-declaration-and-self-introduction]" time="0.072" /><testcase classname="tests.charter.test_config_stem_parity" name="test_every_activated_directive_stem_round_trips_to_canonical_urn[050-credential-handling-discipline]" time="0.073" /><testcase classname="tests.specify_cli.cli.commands.test_doctor_restart_daemon_timing" name="test_doctor_restart_daemon_restarts_and_becomes_healthy" time="4.779" /><testcase classname="tests.charter.test_config_stem_parity" name="test_every_activated_directive_stem_round_trips_to_canonical_urn[reconcile-change-scope-tensions]" time="0.082" /><testcase classname="tests.cli.commands.test_agent_mission_commit_to_branch" name="test_commit_to_branch_empty_resolved_paths_clean_artifact_noops" time="0.410" /><testcase classname="tests.charter.test_config_stem_parity" name="test_spot_check_one_activated_entry_per_other_kind_round_trips[tactic-activated_tactics]" time="0.455" /><testcase classname="tests.specify_cli.cli.commands.test_completion_fast_path" name="test_completion_does_not_mutate_project_files" time="0.219" /><testcase classname="tests.cli.commands.test_agent_mission_commit_to_branch" name="test_commit_to_branch_legacy_called_process_empty_commit_does_not_print_success" time="0.200" /><testcase classname="tests.charter.test_config_stem_parity" name="test_spot_check_one_activated_entry_per_other_kind_round_trips[toolguide-activated_toolguides]" time="0.134" /><testcase classname="tests.cli.commands.test_agent_mission_commit_to_branch" name="test_commit_to_branch_still_commits_changed_artifact" time="0.397" /><testcase classname="tests.charter.test_config_stem_parity" name="test_spot_check_one_activated_entry_per_other_kind_round_trips[procedure-activated_procedures]" time="0.213" /><testcase classname="tests.charter.test_config_stem_parity" name="test_spot_check_one_activated_entry_per_other_kind_round_trips[paradigm-activated_paradigms]" time="0.132" /><testcase classname="tests.charter.test_config_stem_parity" name="test_spot_check_one_activated_entry_per_other_kind_round_trips[styleguide-activated_styleguides]" time="0.140" /><testcase classname="tests.doctrine.drg.migration.test_extractor_projection.TestDRGZeroDelta" name="test_shipped_graph_orphans_are_the_pure_set_minus_the_overlay" time="0.402" /><testcase classname="tests.charter.test_config_stem_parity" name="test_malformed_stem_is_rejected_not_silently_dropped[999-does-not-exist-anywhere]" time="0.131" /><testcase classname="tests.charter.test_config_stem_parity" name="test_malformed_stem_is_rejected_not_silently_dropped[not-a-numbered-directive-at-all]" time="0.002" /><testcase classname="tests.charter.test_config_stem_parity" name="test_malformed_stem_is_rejected_not_silently_dropped[]" time="0.002" /><testcase classname="tests.sync.test_daemon_self_retirement.TestRunSyncDaemonWiring" name="test_sigterm_exits_without_deadlocking_server_shutdown" time="1.549" /><testcase classname="tests.doctrine.drg.migration.test_extractor_projection.TestDRGZeroDelta" name="test_the_overlay_really_does_wire_the_nodes_it_is_credited_with" time="0.001" /><testcase classname="tests.doctrine.drg.migration.test_extractor_projection.TestDRGZeroDelta" name="test_the_orphan_partition_is_disjoint_and_total" time="0.001" /><testcase classname="tests.doctrine.drg.migration.test_extractor_projection.TestDRGZeroDelta" name="test_shipped_graph_is_fresh_and_byte_identical" time="1.864" /><testcase classname="tests.sync.test_daemon_self_retirement.TestStateFileOwnershipInvariant" name="test_decide_self_retire_never_calls_write_or_unlink" time="0.003" /><testcase classname="tests.sync.test_daemon_self_retirement.TestShouldSelfRetire" name="test_busy_daemon_never_retires_even_when_superseded" time="0.001" /><testcase classname="tests.sync.test_daemon_self_retirement.TestShouldSelfRetire" name="test_busy_daemon_never_retires_on_idle_timeout" time="0.001" /><testcase classname="tests.sync.test_daemon_self_retirement.TestShouldSelfRetire" name="test_superseded_idle_daemon_retires_promptly" time="0.001" /><testcase classname="tests.sync.test_daemon_self_retirement.TestShouldSelfRetire" name="test_superseded_with_dead_pid_does_not_retire" time="0.001" /><testcase classname="tests.sync.test_daemon_self_retirement.TestShouldSelfRetire" name="test_matching_port_and_alive_pid_is_not_superseded" time="0.001" /><testcase classname="tests.sync.test_daemon_self_retirement.TestShouldSelfRetire" name="test_idle_daemon_retires_after_threshold" time="0.001" /><testcase classname="tests.sync.test_daemon_self_retirement.TestShouldSelfRetire" name="test_idle_daemon_does_not_retire_before_threshold" time="0.001" /><testcase classname="tests.sync.test_daemon_self_retirement.TestShouldSelfRetire" name="test_idle_threshold_exactly_at_boundary_retires" time="0.001" /><testcase classname="tests.sync.test_daemon_self_retirement.TestIdleRetirementConstant" name="test_constant_exists_and_is_positive_float" time="0.001" /><testcase classname="tests.sync.test_daemon_self_retirement.TestIdleRetirementConstant" name="test_default_value_is_900_seconds" time="0.001" /><testcase classname="tests.sync.test_daemon_self_retirement.TestIdleRetirementConstant" name="test_constant_is_patchable_via_monkeypatch" time="0.001" /><testcase classname="tests.sync.test_daemon_self_retirement.TestDecideSelfRetireWithIdleAndBusy" name="test_decide_does_not_retire_busy_daemon" time="0.002" /><testcase classname="tests.sync.test_daemon_self_retirement.TestDecideSelfRetireWithIdleAndBusy" name="test_decide_retires_superseded_idle_daemon" time="0.003" /><testcase classname="tests.sync.test_daemon_self_retirement.TestDecideSelfRetireWithIdleAndBusy" name="test_decide_retires_on_idle_timeout" time="0.002" /><testcase classname="tests.sync.test_daemon_self_retirement.TestDecideSelfRetireWithIdleAndBusy" name="test_decide_does_not_retire_within_idle_window" time="0.002" /><testcase classname="tests.doctrine.drg.migration.test_extractor_projection.TestNonSequenceStepsMintNoEdge" name="test_software_dev_non_sequence_steps_mint_no_edge" time="0.003" /><testcase classname="tests.doctrine.drg.migration.test_extractor_projection.TestNonSequenceStepsMintNoEdge" name="test_retrospect_never_appears_as_a_requires_edge_target" time="0.002" /><testcase classname="tests.doctrine.drg.migration.test_extractor_projection.TestProjectedEdgeSetMatchesActionSequence" name="test_every_type_projected_edges_match_shipped_action_sequence" time="0.003" /><testcase classname="tests.e2e.test_charter_epic_golden_path" name="test_charter_epic_golden_path" time="35.112" /><testcase classname="tests.e2e.test_upgrade_post_state" name="test_upgrade_then_branch_context_does_not_gate" time="10.468" /></testsuite></testsuites>