============================= test session starts ==============================
platform darwin -- Python 3.14.4, pytest-9.0.3, pluggy-1.6.0
rootdir: /private/tmp/sk-merged-canary
configfile: pytest.ini (WARNING: ignoring pytest config in pyproject.toml!)
plugins: cov-7.1.0, timeout-2.4.0, asyncio-1.3.0, respx-0.23.1, anyio-4.13.0
timeout: 60.0s
timeout method: signal
timeout func_only: False
asyncio: mode=Mode.AUTO, debug=False, asyncio_default_fixture_loop_scope=function, asyncio_default_test_loop_scope=function
collected 18024 items

tests/adversarial/test_csv_attacks.py ......................             [  0%]
tests/adversarial/test_distribution.py ........X                         [  0%]
tests/adversarial/test_infrastructure.py ...............                 [  0%]
tests/adversarial/test_path_validation.py xxxxxx.xxxxx.xxxxxxx.x.xxx.... [  0%]
                                                                         [  0%]
tests/agent/cli/commands/test_agent_config.py ........................   [  0%]
tests/agent/cli/commands/test_charter_cli.py .............               [  0%]
tests/agent/cli/commands/test_charter_resynthesize_cli.py .............  [  0%]
tests/agent/cli/commands/test_charter_status_cli.py ..                   [  0%]
tests/agent/cli/commands/test_charter_synthesize_cli.py .............    [  0%]
tests/agent/cli/commands/test_feature_slug_validation.py .....           [  0%]
tests/agent/cli/commands/test_glossary.py .............................. [  0%]
...............................                                          [  1%]
tests/agent/cli/commands/test_implement_help.py ....                     [  1%]
tests/agent/cli/commands/test_init_non_interactive.py ...                [  1%]
tests/agent/cli/commands/test_merge_target_resolution.py ........        [  1%]
tests/agent/cli/commands/test_ops.py ..........                          [  1%]
tests/agent/cli/commands/test_status_cli.py ................             [  1%]
tests/agent/cli/commands/test_status_validate.py .......                 [  1%]
tests/agent/cli/commands/test_sync.py ..................FFFFFFFF         [  1%]
tests/agent/cli/commands/test_tasks_helpers.py ......................... [  1%]
..............                                                           [  1%]
tests/agent/cli/commands/test_tracker.py ............................... [  1%]
...............                                                          [  2%]
tests/agent/cli/commands/test_tracker_discover.py .............          [  2%]
tests/agent/cli/commands/test_tracker_status.py .............            [  2%]
tests/agent/glossary/test_attachment.py ...........................      [  2%]
tests/agent/glossary/test_checkpoint.py ................................ [  2%]
...............................                                          [  2%]
tests/agent/glossary/test_checkpoint_resume.py ......................... [  2%]
.....                                                                    [  2%]
tests/agent/glossary/test_conflict.py .....................              [  2%]
tests/agent/glossary/test_event_emission.py ............................ [  3%]
...........................................................              [  3%]
tests/agent/glossary/test_exceptions.py ....                             [  3%]
tests/agent/glossary/test_extraction.py ................................ [  3%]
.............................                                            [  3%]
tests/agent/glossary/test_generation_gate.py ........................... [  3%]
.....                                                                    [  3%]
tests/agent/glossary/test_integration_workflows.py ..................... [  4%]
..............                                                           [  4%]
tests/agent/glossary/test_middleware.py ................................ [  4%]
..............                                                           [  4%]
tests/agent/glossary/test_models.py ......                               [  4%]
tests/agent/glossary/test_pipeline.py ............................       [  4%]
tests/agent/glossary/test_pipeline_integration.py ...................... [  4%]
.................                                                        [  4%]
tests/agent/glossary/test_primitives.py ................................ [  5%]
............                                                             [  5%]
tests/agent/glossary/test_prompts.py ................................... [  5%]
.                                                                        [  5%]
tests/agent/glossary/test_rendering.py ................................. [  5%]
.............                                                            [  5%]
tests/agent/glossary/test_resolution.py .........                        [  5%]
tests/agent/glossary/test_scope.py .........................             [  5%]
tests/agent/glossary/test_store.py ......                                [  5%]
tests/agent/glossary/test_strictness.py ................................ [  5%]
..............................                                           [  6%]
tests/agent/test_agent_alias_check_prerequisites.py ..                   [  6%]
tests/agent/test_agent_config_migration.py ...........                   [  6%]
tests/agent/test_agent_config_unit.py ........                           [  6%]
tests/agent/test_agent_feature.py ......................FFFFFFFFFFF..... [  6%]
                                                                         [  6%]
tests/agent/test_agent_utils_status.py ..                                [  6%]
tests/agent/test_commands.py ..................                          [  6%]
tests/agent/test_context_resolve_unit.py .....                           [  6%]
tests/agent/test_context_validation_unit.py .........................    [  6%]
tests/agent/test_create_feature_branch.py ........                       [  6%]
tests/agent/test_create_feature_branch_unit.py .........                 [  6%]
tests/agent/test_csv_schema.py .............                             [  6%]
tests/agent/test_dependency_graph.py ................................    [  7%]
tests/agent/test_doc_generators.py ...............s...                   [  7%]
tests/agent/test_envelope_unit.py ..........                             [  7%]
tests/agent/test_gap_analysis.py ...........................             [  7%]
tests/agent/test_implement_command.py ............                       [  7%]
tests/agent/test_implement_programmatic_call.py ..                       [  7%]
tests/agent/test_init_command.py ......                                  [  7%]
tests/agent/test_json_envelope_contract_integration.py ................. [  7%]
.............                                                            [  7%]
tests/agent/test_orchestrator_commands_integration.py .................. [  7%]
............................                                             [  7%]
tests/agent/test_review_feedback_pointer_2x_unit.py sssssssssssss        [  7%]
tests/agent/test_review_validation_unit.py .........                     [  8%]
tests/agent/test_review_warnings.py ......                               [  8%]
tests/agent/test_review_warnings_unit.py ........                        [  8%]
tests/agent/test_ui.py ...                                               [  8%]
tests/agent/test_validators_unit.py ................                     [  8%]
tests/agent/test_workflow_charter_context.py ...............             [  8%]
tests/agent/test_workflow_feedback_pointer_2x_unit.py sssssssss          [  8%]
tests/agent/test_workflow_mixed_dependency_review_context.py ..          [  8%]
tests/agent/test_workflow_review_cycle_pointer.py ...                    [  8%]
tests/agent/test_workflow_review_lane_gate.py ..........                 [  8%]
tests/architectural/test_auth_transport_singleton.py .....               [  8%]
tests/architectural/test_compat_shims.py .......                         [  8%]
tests/architectural/test_dossier_sync_boundary.py ..                     [  8%]
tests/architectural/test_events_tracker_public_imports.py ....           [  8%]
tests/architectural/test_layer_rules.py ........                         [  8%]
tests/architectural/test_no_prompt_filtering_added.py .                  [  8%]
tests/architectural/test_no_runtime_pypi_dep.py ...                      [  8%]
tests/architectural/test_pyproject_shape.py ....                         [  8%]
tests/architectural/test_retrospective_events_boundary.py s              [  8%]
tests/architectural/test_safety_registry_completeness.py ......          [  8%]
tests/architectural/test_shared_package_boundary.py ........             [  8%]
tests/architectural/test_shim_registry_schema.py ....................... [  8%]
...............                                                          [  8%]
tests/architectural/test_status_sync_boundary.py F.                      [  8%]
tests/architectural/test_unregistered_shim_scanner.py ......             [  8%]
tests/architectural/test_uv_lock_pin_drift.py ..                         [  8%]
tests/architecture/test_ownership_manifest_schema.py .........           [  8%]
tests/audit/test_audit_architecture.py ........................          [  9%]
tests/audit/test_audit_classifiers.py .................................. [  9%]
........                                                                 [  9%]
tests/audit/test_audit_cli.py ...........                                [  9%]
tests/audit/test_audit_engine.py ........                                [  9%]
tests/audit/test_audit_models.py ....................................... [  9%]
.......                                                                  [  9%]
tests/audit/test_audit_serializer.py .........                           [  9%]
tests/audit/test_detectors.py ..................                         [  9%]
tests/audit/test_identity_adapter.py ...........                         [  9%]
tests/audit/test_no_legacy_agent_profiles_path.py ..                     [  9%]
tests/audit/test_no_legacy_path_literals.py F..                          [  9%]
tests/auth/concurrency/test_incident_regression.py .                     [  9%]
tests/auth/concurrency/test_machine_refresh_lock.py ..                   [  9%]
tests/auth/concurrency/test_session_hot_path.py .............            [ 10%]
tests/auth/concurrency/test_single_flight_refresh.py ....                [ 10%]
tests/auth/concurrency/test_stale_grant_preservation.py ........         [ 10%]
tests/auth/integration/test_audit_clirunner.py .....                     [ 10%]
tests/auth/integration/test_browser_login_e2e.py FFFFF                   [ 10%]
tests/auth/integration/test_headless_login_e2e.py FFF                    [ 10%]
tests/auth/integration/test_logout_e2e.py ......                         [ 10%]
tests/auth/integration/test_refresh_through_transport.py F               [ 10%]
tests/auth/integration/test_status_e2e.py .....                          [ 10%]
tests/auth/integration/test_transport_rewired.py .........               [ 10%]
tests/auth/secure_storage/test_file_fallback_windows_root.py ss          [ 10%]
tests/auth/secure_storage/test_from_environment_platform_split.py ..     [ 10%]
tests/auth/stress/test_file_storage_concurrent.py ....                   [ 10%]
tests/auth/test_auth_doctor_offline.py ..                                [ 10%]
tests/auth/test_auth_doctor_repair.py ......                             [ 10%]
tests/auth/test_auth_doctor_report.py .............................      [ 10%]
tests/auth/test_authorization_code_flow.py ......................        [ 10%]
tests/auth/test_browser_launcher.py ......                               [ 10%]
tests/auth/test_config.py ......                                         [ 10%]
tests/auth/test_device_code_flow.py ................................FF   [ 10%]
tests/auth/test_device_flow_poller.py ..............                     [ 11%]
tests/auth/test_factory.py .....                                         [ 11%]
tests/auth/test_http_transport.py ........                               [ 11%]
tests/auth/test_loopback_callback.py .................                   [ 11%]
tests/auth/test_me_fetch.py ....                                         [ 11%]
tests/auth/test_pkce.py .......                                          [ 11%]
tests/auth/test_refresh_flow.py .....................                    [ 11%]
tests/auth/test_revoke_flow.py ........                                  [ 11%]
tests/auth/test_secure_storage_file.py ......................            [ 11%]
tests/auth/test_session.py .........................                     [ 11%]
tests/auth/test_state_manager.py .........                               [ 11%]
tests/auth/test_token_manager.py ....................................... [ 11%]
....                                                                     [ 11%]
tests/auth/test_websocket_provisioning.py ..............                 [ 12%]
tests/calibration/test_inequality.py ..............                      [ 12%]
tests/calibration/test_walker.py ...............                         [ 12%]
tests/charter/evidence/test_code_reader.py ........                      [ 12%]
tests/charter/evidence/test_corpus_loader.py ........                    [ 12%]
tests/charter/evidence/test_orchestrator.py .........                    [ 12%]
tests/charter/synthesizer/test_adapter_contract.py .........             [ 12%]
tests/charter/synthesizer/test_bundle_validate_extension.py ............ [ 12%]
........                                                                 [ 12%]
tests/charter/synthesizer/test_charter_compile_project_root.py ......... [ 12%]
........                                                                 [ 12%]
tests/charter/synthesizer/test_context_reflects_synthesis.py ....        [ 12%]
tests/charter/synthesizer/test_evidence.py ...........................   [ 12%]
tests/charter/synthesizer/test_fixture_adapter.py ...........            [ 12%]
tests/charter/synthesizer/test_generated_artifact_adapter.py ...         [ 12%]
tests/charter/synthesizer/test_interview_mapping.py .................... [ 12%]
..............................                                           [ 13%]
tests/charter/synthesizer/test_manifest.py ..............                [ 13%]
tests/charter/synthesizer/test_orchestrator_resynthesize.py ............ [ 13%]
...                                                                      [ 13%]
tests/charter/synthesizer/test_orchestrator_synthesize.py .....FFF...... [ 13%]
..........                                                               [ 13%]
tests/charter/synthesizer/test_path_guard.py .............               [ 13%]
tests/charter/synthesizer/test_performance_envelopes.py .......          [ 13%]
tests/charter/synthesizer/test_project_drg.py .......................    [ 13%]
tests/charter/synthesizer/test_provenance.py ............                [ 13%]
tests/charter/synthesizer/test_request.py ............                   [ 13%]
tests/charter/synthesizer/test_schema_conformance.py ................... [ 13%]
.....                                                                    [ 13%]
tests/charter/synthesizer/test_staging_atomicity.py ............         [ 13%]
tests/charter/synthesizer/test_synthesize_path_parity.py .....           [ 14%]
tests/charter/synthesizer/test_topic_resolver.py ....................... [ 14%]
.                                                                        [ 14%]
tests/charter/synthesizer/test_validation_gate.py ..............         [ 14%]
tests/charter/synthesizer/test_write_pipeline.py ...............         [ 14%]
tests/charter/test_bundle_contract.py ...                                [ 14%]
tests/charter/test_bundle_manifest_model.py .........                    [ 14%]
tests/charter/test_bundle_validate_cli.py ......................         [ 14%]
tests/charter/test_call_site_propagation.py ......                       [ 14%]
tests/charter/test_canonical_root_resolution.py .............            [ 14%]
tests/charter/test_catalog.py .....                                      [ 14%]
tests/charter/test_charter_context_spdd_reasons.py ..................... [ 14%]
......                                                                   [ 14%]
tests/charter/test_charter_ownership_invariant.py .                      [ 14%]
tests/charter/test_chokepoint_coverage.py ...                            [ 14%]
tests/charter/test_chokepoint_overhead.py ...                            [ 14%]
tests/charter/test_compact.py ......                                     [ 14%]
tests/charter/test_compiler.py ..................................        [ 15%]
tests/charter/test_context.py ........................                   [ 15%]
tests/charter/test_encoding_chokepoint.py ....                           [ 15%]
tests/charter/test_extractor.py ...............................          [ 15%]
tests/charter/test_generator.py ...                                      [ 15%]
tests/charter/test_hasher.py .........                                   [ 15%]
tests/charter/test_integration.py ...................                    [ 15%]
tests/charter/test_interview.py ........                                 [ 15%]
tests/charter/test_io_edge_paths.py ..............                       [ 15%]
tests/charter/test_language_scope.py ....                                [ 15%]
tests/charter/test_merged_graph_on_live_path.py ....                     [ 15%]
tests/charter/test_neutrality_lint.py .........                          [ 15%]
tests/charter/test_parser.py .........................s                  [ 15%]
tests/charter/test_phase3_integration.py ..........                      [ 15%]
tests/charter/test_provenance_dual_storage.py ......                     [ 15%]
tests/charter/test_resolution_overhead.py ...                            [ 15%]
tests/charter/test_resolver.py .......................                   [ 16%]
tests/charter/test_schemas.py ..............                             [ 16%]
tests/charter/test_surface_calibration.py .........                      [ 16%]
tests/charter/test_sync.py ..........                                    [ 16%]
tests/charter/test_sync_paths.py .                                       [ 16%]
tests/charter/test_template_resolver.py .....                            [ 16%]
tests/charter/test_unsafe_bypass.py ...                                  [ 16%]
tests/charter/test_worktree_charter_via_canonical_root.py .....          [ 16%]
tests/cli/commands/test_agent_config_coverage.py ..............          [ 16%]
tests/cli/commands/test_auth_login.py ..........                         [ 16%]
tests/cli/commands/test_auth_logout.py ..........                        [ 16%]
tests/cli/commands/test_auth_recovery.py .....................           [ 16%]
tests/cli/commands/test_auth_status.py ...........................       [ 16%]
tests/cli/commands/test_charter_bundle_coverage.py ...............       [ 16%]
tests/cli/commands/test_charter_io.py ..................                 [ 17%]
tests/cli/commands/test_charter_orchestration.py ..........              [ 17%]
tests/cli/commands/test_charter_rendering.py ........                    [ 17%]
tests/cli/commands/test_doctor_mission_state.py .................        [ 17%]
tests/cli/commands/test_implement_base_flag.py .....                     [ 17%]
tests/cli/commands/test_intake.py ..........                             [ 17%]
tests/cli/commands/test_merge_status_commit.py ......                    [ 17%]
tests/cli/commands/test_merge_strategy.py ............................   [ 17%]
tests/cli/commands/test_sync_routes.py .......                           [ 17%]
tests/cli/commands/test_sync_status_drain_blockers.py ....               [ 17%]
tests/cli/commands/test_sync_status_singleton_diagnostics.py ...         [ 17%]
tests/cli/test_agent_retrospect_missing_record.py ....                   [ 17%]
tests/cli/test_agent_retrospect_synthesize.py ....................       [ 17%]
tests/cli/test_agent_status_messaging.py s                               [ 17%]
tests/cli/test_migrate_cmd_messaging.py ss                               [ 17%]
tests/cli/test_mission_brief.py .............                            [ 17%]
tests/cli_gate/test_ci_determinism.py ....................               [ 17%]
tests/cli_gate/test_dashboard_modes.py .............                     [ 17%]
tests/cli_gate/test_doctor_modes.py .........................            [ 18%]
tests/cli_gate/test_legacy_version_checker_removed.py ..                 [ 18%]
tests/cli_gate/test_nested_safe_commands.py ..................           [ 18%]
tests/cli_gate/test_safe_commands.py .......................             [ 18%]
tests/cli_gate/test_unsafe_commands.py .........................         [ 18%]
tests/concurrency/test_ensure_runtime_concurrent.py .....                [ 18%]
tests/context/test_mission_resolver.py ................................  [ 18%]
tests/contract/spec_kitty_events_consumer/test_consumer_contract.py .... [ 18%]
......................                                                   [ 18%]
tests/contract/spec_kitty_tracker_consumer/test_consumer_contract.py ... [ 18%]
.....                                                                    [ 18%]
tests/contract/test_body_sync.py ...........                             [ 18%]
tests/contract/test_canonical_root_when_in_worktree.py ..                [ 18%]
tests/contract/test_charter_compact_includes_section_anchors.py ........ [ 18%]
                                                                         [ 18%]
tests/contract/test_cross_repo_consumers.py ..                           [ 19%]
tests/contract/test_event_envelope.py .................                  [ 19%]
tests/contract/test_events_envelope_matches_resolved_version.py FFFs     [ 19%]
tests/contract/test_handoff_fixtures.py ................F...F........... [ 19%]
                                                                         [ 19%]
tests/contract/test_identity_contract_matrix.py .........s               [ 19%]
tests/contract/test_machine_facing_canonical_fields.py ................. [ 19%]
                                                                         [ 19%]
tests/contract/test_mark_status_input_shapes.py .......                  [ 19%]
tests/contract/test_mission_id_creation_contract.py ....                 [ 19%]
tests/contract/test_mission_number_type_coercion.py .................... [ 19%]
.................                                                        [ 19%]
tests/contract/test_next_no_implicit_success.py ....                     [ 19%]
tests/contract/test_next_no_unknown_state.py .....                       [ 19%]
tests/contract/test_orchestrator_api.py ...........                      [ 19%]
tests/contract/test_packaging_no_vendored_events.py ..                   [ 19%]
tests/contract/test_plan_mission_yaml_validates.py .....                 [ 19%]
tests/contract/test_terminology_guards.py ............                   [ 19%]
tests/contract/test_tracker_bind.py ..............                       [ 20%]
tests/core/test_branch_naming_human_slug.py ............................ [ 20%]
........                                                                 [ 20%]
tests/core/test_dependency_parser.py ...............................     [ 20%]
tests/core/test_file_lock.py ........s.............                      [ 20%]
tests/core/test_file_lock_behavior.py .............                      [ 20%]
tests/core/test_mission_creation_identity.py ....                        [ 20%]
tests/core/test_mission_number_null_schema.py ..............             [ 20%]
tests/core/test_paths_coverage_supplements.py .............              [ 20%]
tests/core/test_slug_validator_unit.py .....................             [ 20%]
tests/core/test_upgrade_probe_and_notifier.py .......................... [ 21%]
........                                                                 [ 21%]
tests/core/test_worktree_symlink_fallback.py ss                          [ 21%]
tests/core/test_wps_manifest.py ....................                     [ 21%]
tests/cross_branch/test_parity.py ......                                 [ 21%]
tests/cross_cutting/dashboard/test_dashboard_bug_117_lifecycle.py .....  [ 21%]
tests/cross_cutting/dashboard/test_dashboard_cli_accuracy.py F.......... [ 21%]
                                                                         [ 21%]
tests/cross_cutting/dashboard/test_dashboard_encoding_resilience.py .... [ 21%]
............                                                             [ 21%]
tests/cross_cutting/encoding/test_contextive_traceability.py ........... [ 21%]
................                                                         [ 21%]
tests/cross_cutting/encoding/test_encoding_validation_cli.py ..........  [ 21%]
tests/cross_cutting/encoding/test_encoding_validation_functional.py .... [ 21%]
............                                                             [ 21%]
tests/cross_cutting/misc/test_acceptance_support.py .........            [ 21%]
tests/cross_cutting/misc/test_gitignore_management.py ........           [ 21%]
tests/cross_cutting/misc/test_gitignore_manager_simple.py .....          [ 21%]
tests/cross_cutting/misc/test_performance.py ....                        [ 21%]
tests/cross_cutting/misc/test_plan_validation.py .......                 [ 21%]
tests/cross_cutting/misc/test_task_helpers.py ......                     [ 21%]
tests/cross_cutting/misc/test_tasks_cli_commands.py ...........x......   [ 21%]
tests/cross_cutting/misc/test_template_compliance.py ........            [ 22%]
tests/cross_cutting/packaging/test_manifest_cli_filtering.py ......      [ 22%]
tests/cross_cutting/packaging/test_package_bundling.py ...               [ 22%]
tests/cross_cutting/packaging/test_packaging_safety.py .....             [ 22%]
tests/cross_cutting/test_gitignore_isolation_integration.py ...          [ 22%]
tests/cross_cutting/test_gitignore_manager_unit.py ..................... [ 22%]
........                                                                 [ 22%]
tests/cross_cutting/test_mutmut_env_unit.py .....                        [ 22%]
tests/cross_cutting/test_mypy_strict_mission_step_contracts.py F         [ 22%]
tests/cross_cutting/test_version_isolation_integration.py .............. [ 22%]
                                                                         [ 22%]
tests/cross_cutting/versioning/test_upgrade_version_update.py ....       [ 22%]
tests/cross_cutting/versioning/test_version_detection.py ............... [ 22%]
...                                                                      [ 22%]
tests/cross_cutting/versioning/test_version_fallback.py ......           [ 22%]
tests/dashboard/test_duplicate_prefix_rendering.py ........              [ 22%]
tests/docs/test_architecture_docs_consistency.py ....................... [ 22%]
........................................................................ [ 23%]
........................................................................ [ 23%]
........................................................................ [ 23%]
........................................................................ [ 24%]
.................................................................        [ 24%]
tests/docs/test_readme_canonical_path.py ....                            [ 24%]
tests/docs/test_versioned_docs_integrity.py ................             [ 24%]
tests/doctor/test_identity_audit.py .................................    [ 24%]
tests/doctor/test_shim_registry.py ................                      [ 25%]
tests/doctrine/agent_profiles/test_scoring.py .......................... [ 25%]
...........................                                              [ 25%]
tests/doctrine/agent_profiles/test_validation_utils.py ................. [ 25%]
.........                                                                [ 25%]
tests/doctrine/directives/test_models.py ............                    [ 25%]
tests/doctrine/directives/test_repository.py ..........                  [ 25%]
tests/doctrine/directives/test_schema_compatibility.py ................. [ 25%]
.......                                                                  [ 25%]
tests/doctrine/directives/test_validation.py ........                    [ 25%]
tests/doctrine/drg/migration/test_extractor.py ......................... [ 25%]
........                                                                 [ 25%]
tests/doctrine/drg/test_glossary_node_kind.py ......                     [ 26%]
tests/doctrine/drg/test_resolve_transitive_refs.py ...............       [ 26%]
tests/doctrine/drg/test_shipped_graph_valid.py ...                       [ 26%]
tests/doctrine/mission_step_contracts/test_models.py .............       [ 26%]
tests/doctrine/mission_step_contracts/test_repository.py .........       [ 26%]
tests/doctrine/mission_step_contracts/test_shipped_contracts.py ........ [ 26%]
......................                                                   [ 26%]
tests/doctrine/missions/test_action_index.py .................           [ 26%]
tests/doctrine/missions/test_action_indexes.py .                         [ 26%]
tests/doctrine/missions/test_glossary_hook.py .....................      [ 26%]
tests/doctrine/missions/test_primitives.py ............                  [ 26%]
tests/doctrine/missions/test_repository.py ............................. [ 26%]
.............                                                            [ 26%]
tests/doctrine/paradigms/test_models.py ....                             [ 26%]
tests/doctrine/paradigms/test_repository.py ........                     [ 27%]
tests/doctrine/paradigms/test_validation.py ....                         [ 27%]
tests/doctrine/procedures/test_models.py .........                       [ 27%]
tests/doctrine/procedures/test_repository.py ..........                  [ 27%]
tests/doctrine/shared/test_errors.py .........................           [ 27%]
tests/doctrine/shared/test_exceptions.py ...............                 [ 27%]
tests/doctrine/shared/test_schema_utils.py .......                       [ 27%]
tests/doctrine/shared/test_scoping.py ....................               [ 27%]
tests/doctrine/styleguides/test_models.py ..........                     [ 27%]
tests/doctrine/styleguides/test_repository.py ...........                [ 27%]
tests/doctrine/styleguides/test_validation.py .....                      [ 27%]
tests/doctrine/tactics/test_models.py ...........                        [ 27%]
tests/doctrine/tactics/test_repository.py ............                   [ 27%]
tests/doctrine/tactics/test_validation.py ......                         [ 27%]
tests/doctrine/test_artifact_compliance.py ............................. [ 27%]
.................................                                        [ 28%]
tests/doctrine/test_artifact_kinds.py ..............................     [ 28%]
tests/doctrine/test_capabilities.py ........                             [ 28%]
tests/doctrine/test_directive_consistency.py ...........                 [ 28%]
tests/doctrine/test_enriched_directives.py .                             [ 28%]
tests/doctrine/test_generic_agent_profile.py ..                          [ 28%]
tests/doctrine/test_generic_artifact_language_bias.py .                  [ 28%]
tests/doctrine/test_glossary_link_integrity.py ............              [ 28%]
tests/doctrine/test_human_in_charge_profile.py ....                      [ 28%]
tests/doctrine/test_inline_ref_rejection.py ...................          [ 28%]
tests/doctrine/test_isolation.py .                                       [ 28%]
tests/doctrine/test_mattpocock_skill_doctrine.py ....                    [ 28%]
tests/doctrine/test_nested_artifact_discovery.py ................        [ 28%]
tests/doctrine/test_package_smoke.py ..                                  [ 28%]
tests/doctrine/test_procedure_consistency.py ...                         [ 28%]
tests/doctrine/test_profile_inheritance.py ..............                [ 28%]
tests/doctrine/test_profile_model.py ................................... [ 29%]
...                                                                      [ 29%]
tests/doctrine/test_profile_repository.py .............................. [ 29%]
..................................                                       [ 29%]
tests/doctrine/test_profile_schema_validation.py ................        [ 29%]
tests/doctrine/test_resolver.py ....................                     [ 29%]
tests/doctrine/test_retrospective_drg.py ...........................     [ 29%]
tests/doctrine/test_role_value_object.py ........................        [ 29%]
tests/doctrine/test_schema_utils.py ...............                      [ 29%]
tests/doctrine/test_schema_validation.py ..........................      [ 30%]
tests/doctrine/test_scoping.py ...                                       [ 30%]
tests/doctrine/test_service.py ......                                    [ 30%]
tests/doctrine/test_shipped_profiles.py ................................ [ 30%]
........................................................................ [ 30%]
........................................................................ [ 31%]
...........................                                              [ 31%]
tests/doctrine/test_spdd_reasons_artifacts.py ......                     [ 31%]
tests/doctrine/test_spdd_reasons_skill.py ....                           [ 31%]
tests/doctrine/test_structure_templates.py ..                            [ 31%]
tests/doctrine/test_tactic_compliance.py ............................... [ 31%]
........................................................................ [ 31%]
........................................................................ [ 32%]
........................................................................ [ 32%]
........................................................................ [ 33%]
.................................................                        [ 33%]
tests/doctrine/test_versioning.py ...................................... [ 33%]
                                                                         [ 33%]
tests/doctrine/test_wheel_packaging.py ..                                [ 33%]
tests/doctrine/toolguides/test_models.py .....                           [ 33%]
tests/doctrine/toolguides/test_repository.py ..........                  [ 33%]
tests/doctrine/toolguides/test_validation.py ....                        [ 33%]
tests/doctrine_synthesizer/test_apply.py ............................... [ 33%]
...                                                                      [ 33%]
tests/doctrine_synthesizer/test_conflict_failclosed.py ................. [ 34%]
.......                                                                  [ 34%]
tests/doctrine_synthesizer/test_path_traversal_rejection.py ............ [ 34%]
...............................................                          [ 34%]
tests/doctrine_synthesizer/test_provenance.py .............              [ 34%]
tests/dossier/test_api.py .................................              [ 34%]
tests/dossier/test_determinism.py ....................................   [ 34%]
tests/dossier/test_drift_detector.py ..............................      [ 35%]
tests/dossier/test_emitter_adapter.py ......                             [ 35%]
tests/dossier/test_events.py .........................                   [ 35%]
tests/dossier/test_hasher.py ...................................         [ 35%]
tests/dossier/test_http_runtime.py ........                              [ 35%]
tests/dossier/test_indexer.py ................................           [ 35%]
tests/dossier/test_manifest.py ......................................... [ 35%]
                                                                         [ 35%]
tests/dossier/test_models.py ...............................             [ 36%]
tests/dossier/test_snapshot.py ............................              [ 36%]
tests/e2e/test_charter_epic_golden_path.py F                             [ 36%]
tests/e2e/test_cli_smoke.py .FF...                                       [ 36%]
tests/e2e/test_feature_alias_smoke.py .                                  [ 36%]
tests/e2e/test_mission_create_clean_output.py .....                      [ 36%]
tests/e2e/test_upgrade_post_state.py .                                   [ 36%]
tests/git_ops/test_atomic_status_commits_unit.py ....................... [ 36%]
.                                                                        [ 36%]
tests/git_ops/test_branch_contract_unit.py ......                        [ 36%]
tests/git_ops/test_commit_message_spec_number.py ...                     [ 36%]
tests/git_ops/test_detection.py ..................                       [ 36%]
tests/git_ops/test_git.py ......................................         [ 36%]
tests/git_ops/test_git_ops.py .......................................    [ 36%]
tests/git_ops/test_git_ops_unit.py .................                     [ 37%]
tests/git_ops/test_git_preflight.py ..........                           [ 37%]
tests/git_ops/test_git_state_detection_unit.py ........                  [ 37%]
tests/git_ops/test_mark_status_pipe_table.py ........................... [ 37%]
...                                                                      [ 37%]
tests/git_ops/test_safe_commit_helper_integration.py ..........          [ 37%]
tests/git_ops/test_stale_detection_unit.py ...............               [ 37%]
tests/git_ops/test_sync_staleness_integration.py .......                 [ 37%]
tests/git_ops/test_two_branch_strategy_integration.py ..                 [ 37%]
tests/git_ops/test_vcs_integration.py ..............                     [ 37%]
tests/git_ops/test_worktree.py ......................................    [ 37%]
tests/git_ops/test_worktree_exclusion_integration.py ....                [ 37%]
tests/init/test_charter_runtime_integration.py ...........               [ 37%]
tests/init/test_fresh_clone_no_sync.py .....                             [ 37%]
tests/init/test_init_flow_integration.py .......                         [ 37%]
tests/init/test_init_help.py ...                                         [ 37%]
tests/init/test_init_idempotent.py .                                     [ 37%]
tests/init/test_init_in_existing_repo.py .                               [ 37%]
tests/init/test_init_minimal_integration.py .......................F     [ 38%]
tests/init/test_init_next_steps.py ..                                    [ 38%]
tests/init/test_worktree_topology.py .....                               [ 38%]
tests/integration/core/test_worktree_exclude_spec_kitty.py .....         [ 38%]
tests/integration/git/test_safe_commit_backstop.py ...                   [ 38%]
tests/integration/migration/test_canonicalization_pipeline.py .......... [ 38%]
.......                                                                  [ 38%]
tests/integration/retrospective/test_autonomous_terminus_e2e.py ..       [ 38%]
tests/integration/retrospective/test_hic_terminus_e2e.py ..              [ 38%]
tests/integration/retrospective/test_lifecycle_hook.py ......            [ 38%]
tests/integration/retrospective/test_next_mission_sees_change.py .       [ 38%]
tests/integration/retrospective/test_silent_auto_run_blocked.py ..       [ 38%]
tests/integration/retrospective/test_silent_skip_blocked.py ..           [ 38%]
tests/integration/review/test_approve_without_force.py ........          [ 38%]
tests/integration/review/test_canonical_review_diff_refs.py .            [ 38%]
tests/integration/review/test_reject_from_in_review.py ..                [ 38%]
tests/integration/review/test_reject_without_force.py ....               [ 38%]
tests/integration/sparse_checkout/test_detection.py ........             [ 38%]
tests/integration/sparse_checkout/test_doctor_finding.py ...             [ 38%]
tests/integration/sparse_checkout/test_doctor_non_interactive.py .....   [ 38%]
tests/integration/sparse_checkout/test_implement_preflight_blocks.py ..  [ 38%]
tests/integration/sparse_checkout/test_merge_preflight_blocks.py ..      [ 38%]
tests/integration/sparse_checkout/test_merge_refresh_and_invariant.py .. [ 38%]
                                                                         [ 38%]
tests/integration/sparse_checkout/test_merge_with_allow_override.py ...  [ 38%]
tests/integration/sparse_checkout/test_remediation_primary.py .          [ 38%]
tests/integration/sparse_checkout/test_remediation_primary_and_worktrees.py . [ 38%]
                                                                         [ 38%]
tests/integration/sparse_checkout/test_remediation_refuses_on_dirty.py . [ 38%]
.                                                                        [ 38%]
tests/integration/sparse_checkout/test_session_warning_once.py ....      [ 38%]
tests/integration/test_agent_identity_prompt.py ......                   [ 38%]
tests/integration/test_branch_strategy_gate.py .......                   [ 38%]
tests/integration/test_charter_synthesize_fresh.py ....                  [ 38%]
tests/integration/test_clean_install_next.py .                           [ 38%]
tests/integration/test_colliding_mission_flow.py ................        [ 38%]
tests/integration/test_custom_mission_runtime_walk.py .....              [ 38%]
tests/integration/test_dashboard_counters.py ......                      [ 38%]
tests/integration/test_documentation_runtime_walk.py ......F             [ 38%]
tests/integration/test_dossier_snapshot_no_self_block.py ..............  [ 38%]
tests/integration/test_fail_loud_uninitialized_repo.py .......           [ 39%]
tests/integration/test_implement_review_retrospect_smoke.py .            [ 39%]
tests/integration/test_init_fresh_project_chain.py ..                    [ 39%]
tests/integration/test_intake_atomic_writes.py .....                     [ 39%]
tests/integration/test_intake_size_cap.py .......                        [ 39%]
tests/integration/test_internal_runtime_engine.py ..................     [ 39%]
tests/integration/test_json_envelope_strict.py ......................... [ 39%]
                                                                         [ 39%]
tests/integration/test_lane_db_isolation.py ...............              [ 39%]
tests/integration/test_legacy_feature_alias.py .....                     [ 39%]
tests/integration/test_merge_lane_planning_data_loss.py ...              [ 39%]
tests/integration/test_merge_resume.py ...                               [ 39%]
tests/integration/test_mission_review_contract_gate.py .....             [ 39%]
tests/integration/test_mission_run_command.py ....                       [ 39%]
tests/integration/test_next_lifecycle_records.py .......                 [ 39%]
tests/integration/test_offline_queue_overflow.py ....                    [ 39%]
tests/integration/test_planning_artifact_wp.py ......                    [ 39%]
tests/integration/test_post_merge_custom_mission_loader.py ....          [ 39%]
tests/integration/test_post_merge_index_refresh.py ...                   [ 39%]
tests/integration/test_post_merge_unrelated_untracked.py ......          [ 39%]
tests/integration/test_pytest_venv_concurrency.py .                      [ 39%]
tests/integration/test_rejection_cycle.py ............F.                 [ 39%]
tests/integration/test_release_gate_downstream_consumer.py ........      [ 39%]
tests/integration/test_replay_tenant_collision.py .......                [ 39%]
tests/integration/test_research_runtime_walk.py .....                    [ 39%]
tests/integration/test_review_cycle_rejection_only.py ..                 [ 39%]
tests/integration/test_review_handoff.py ....                            [ 39%]
tests/integration/test_specify_plan_commit_boundary.py ...........FFFF   [ 40%]
tests/integration/test_status_emit_on_alloc_failure.py .                 [ 40%]
tests/integration/test_token_refresh_dedup.py ....                       [ 40%]
tests/integration/test_tracker_bidirectional_retry.py ....               [ 40%]
tests/kernel/test_atomic.py .....................                        [ 40%]
tests/kernel/test_errors_coverage.py ......                              [ 40%]
tests/kernel/test_glossary_runner.py ..............                      [ 40%]
tests/kernel/test_glossary_types.py .........                            [ 40%]
tests/kernel/test_paths.py ...............................               [ 40%]
tests/kernel/test_paths_unified_windows_root.py ssss                     [ 40%]
tests/kernel/test_safe_re.py ........................................... [ 40%]
.............................                                            [ 40%]
tests/lanes/test_acceptance_matrix.py .................                  [ 41%]
tests/lanes/test_auto_rebase_additive.py ..                              [ 41%]
tests/lanes/test_branch_naming.py ..................                     [ 41%]
tests/lanes/test_branch_naming_planning.py .........                     [ 41%]
tests/lanes/test_collapse_report.py ............                         [ 41%]
tests/lanes/test_compute.py ............................................ [ 41%]
......                                                                   [ 41%]
tests/lanes/test_compute_planning_artifact.py ...........                [ 41%]
tests/lanes/test_compute_planning_artifact_deps.py ....                  [ 41%]
tests/lanes/test_dependent_wp_scheduling.py .....                        [ 41%]
tests/lanes/test_implementation_recovery.py ................             [ 41%]
tests/lanes/test_merge.py ........                                       [ 41%]
tests/lanes/test_merge_policy.py ..                                      [ 41%]
tests/lanes/test_models.py .........                                     [ 41%]
tests/lanes/test_persistence.py .....                                    [ 41%]
tests/lanes/test_recovery_post_merge.py .....                            [ 41%]
tests/lanes/test_stale_check.py ....                                     [ 41%]
tests/lanes/test_worktree_allocator.py ......                            [ 41%]
tests/merge/test_ci_coverage_regressions.py ..                           [ 41%]
tests/merge/test_conflict_classifier.py ................................ [ 42%]
..........                                                               [ 42%]
tests/merge/test_conflict_resolution_integration.py .......              [ 42%]
tests/merge/test_event_log_merge_driver_integration.py .                 [ 42%]
tests/merge/test_merge_bootstrap_history_gate.py ....                    [ 42%]
tests/merge/test_merge_done_recording.py ...........                     [ 42%]
tests/merge/test_merge_post_merge_invariant.py ........                  [ 42%]
tests/merge/test_merge_preflight_mission_branch.py ......                [ 42%]
tests/merge/test_merge_recovery.py ......................                [ 42%]
tests/merge/test_merge_state_unit.py ................................... [ 42%]
......                                                                   [ 42%]
tests/merge/test_merge_time_number_assignment.py ...................     [ 42%]
tests/merge/test_merge_unit.py ...........                               [ 42%]
tests/merge/test_merge_workspace_unit.py ................                [ 43%]
tests/merge/test_mission_number_idempotency.py .....                     [ 43%]
tests/merge/test_profile_charter_e2e.py ...                              [ 43%]
tests/merge/test_target_branch_preflight.py ...........                  [ 43%]
tests/migrate/test_charter_encoding_migration.py ............            [ 43%]
tests/migration/test_backfill_identity_cli.py .......................    [ 43%]
tests/migration/test_mission_state_repair.py F.......................... [ 43%]
...............                                                          [ 43%]
tests/migration/test_normalize_mission_lifecycle_cli.py ...              [ 43%]
tests/migration/test_teamspace_migration_rehearsal.py .                  [ 43%]
tests/mission/test_active_mission_handle_windows.py s                    [ 43%]
tests/mission_metadata/test_mission_identity.py ....                     [ 43%]
tests/missions/test_command_templates_canonical_path.py .                [ 43%]
tests/missions/test_doc_state.py ....................                    [ 43%]
tests/missions/test_doc_state_formatting.py ....................         [ 43%]
tests/missions/test_doc_state_unit.py ...........                        [ 43%]
tests/missions/test_documentation_mission.py ........                    [ 43%]
tests/missions/test_documentation_templates.py ........                  [ 43%]
tests/missions/test_e2e_mission_v1_integration.py ...                    [ 43%]
tests/missions/test_feature_lifecycle_unit.py ................           [ 44%]
tests/missions/test_mission_detection.py ....                            [ 44%]
tests/missions/test_mission_guards_integration.py .................      [ 44%]
tests/missions/test_mission_loading_integration.py ..................... [ 44%]
.......                                                                  [ 44%]
tests/missions/test_mission_schema_unit.py .....................         [ 44%]
tests/missions/test_mission_software_dev_integration.py ................ [ 44%]
............................                                             [ 44%]
tests/missions/test_mission_switching_integration.py FF                  [ 44%]
tests/missions/test_mission_v1_compat_unit.py .......................... [ 44%]
...                                                                      [ 44%]
tests/missions/test_mission_v1_events_unit.py ..................         [ 44%]
tests/missions/test_mission_v1_guards_unit.py .......................... [ 45%]
..............................                                           [ 45%]
tests/missions/test_mission_v1_runner_unit.py .......................... [ 45%]
..............                                                           [ 45%]
tests/missions/test_mission_v1_schema_unit.py .......................... [ 45%]
............                                                             [ 45%]
tests/missions/test_specify_creates_requirements_checklist.py ...        [ 45%]
tests/missions/test_specify_metadata_explicit_integration.py ........... [ 45%]
.                                                                        [ 45%]
tests/next/test_composition_gate_widening.py .................           [ 45%]
tests/next/test_decision_unit.py ....................................... [ 46%]
.                                                                        [ 46%]
tests/next/test_finalized_task_routing.py .............                  [ 46%]
tests/next/test_internal_runtime_coverage.py ........................... [ 46%]
........................................................................ [ 46%]
...........                                                              [ 46%]
tests/next/test_internal_runtime_engine_coverage.py .................... [ 46%]
..........                                                               [ 46%]
tests/next/test_internal_runtime_parity.py ........                      [ 47%]
tests/next/test_next_claimable_payload.py ........                       [ 47%]
tests/next/test_next_command_integration.py ............................ [ 47%]
......                                                                   [ 47%]
tests/next/test_next_package_unit.py ..                                  [ 47%]
tests/next/test_next_replay_parity_integration.py .                      [ 47%]
tests/next/test_plan_mission_runtime.py ...................              [ 47%]
tests/next/test_prompt_builder_unit.py .......................           [ 47%]
tests/next/test_prompt_file_invariant.py ....................            [ 47%]
tests/next/test_prompt_step_schema_extensions.py .....                   [ 47%]
tests/next/test_query_mode_unit.py ............................          [ 47%]
tests/next/test_retrospective_terminus_wiring.py ............            [ 47%]
tests/next/test_runtime_bridge_blocked_paths.py .........                [ 47%]
tests/next/test_runtime_bridge_unit.py ................................. [ 48%]
....................                                                     [ 48%]
tests/next/test_runtime_pkg_notice_unit.py .......                       [ 48%]
tests/packaging/test_windows_no_keyring.py .                             [ 48%]
tests/paths/test_render_runtime_path.py ....                             [ 48%]
tests/paths/test_windows_migrate.py .....s                               [ 48%]
tests/paths/test_windows_paths.py ....                                   [ 48%]
tests/perf/test_loader_perf.py ..                                        [ 48%]
tests/policy/test_audit.py .....                                         [ 48%]
tests/policy/test_commit_guard.py .................                      [ 48%]
tests/policy/test_config.py ......                                       [ 48%]
tests/policy/test_hook_installer_execution.py .ss                        [ 48%]
tests/policy/test_hook_installer_rendering.py .                          [ 48%]
tests/policy/test_merge_gates.py .........                               [ 48%]
tests/policy/test_risk_scorer.py ..........                              [ 48%]
tests/post_merge/test_review_artifact_consistency.py ....                [ 48%]
tests/post_merge/test_stale_assertions.py ..................             [ 48%]
tests/prompts/test_prompt_fragment_rendering.py .......................  [ 48%]
tests/regressions/test_changelog_regex_redos.py ....................     [ 48%]
tests/regressions/test_doctor_missionrepairresult_findings.py .....      [ 49%]
tests/regressions/test_issue_101_utf8_startup.py s                       [ 49%]
tests/regressions/test_issue_105_hook_python_lookup.py s                 [ 49%]
tests/regressions/test_issue_669_venv_symlink_preservation.py .          [ 49%]
tests/regressions/test_issue_71_dashboard_empty.py s                     [ 49%]
tests/release/test_check_candidate_consumer_compat.py .....              [ 49%]
tests/release/test_check_shared_package_drift.py ........                [ 49%]
tests/release/test_diff_coverage_policy.py ..ss.                         [ 49%]
tests/release/test_dogfood_command_set.py sssss                          [ 49%]
tests/release/test_release_payload_draft.py .........                    [ 49%]
tests/release/test_release_prep.py ...............................       [ 49%]
tests/release/test_validate_changelog_entry.py ......                    [ 49%]
tests/release/test_validate_metadata_yaml_sync.py .......                [ 49%]
tests/release/test_validate_release.py .........                         [ 49%]
tests/reliability/test_workflow_fixture_smoke.py .                       [ 49%]
tests/research/test_research_csv_schema_migration.py ...............     [ 49%]
tests/research/test_research_deliverables_unit.py ..............         [ 49%]
tests/research/test_research_plan_missions_integration.py .............. [ 49%]
.............................                                            [ 49%]
tests/research/test_research_workflow_integration.py ...F....            [ 49%]
tests/retrospective/test_config_opt_in.py .......                        [ 49%]
tests/retrospective/test_events_shapes.py ...........................    [ 50%]
tests/retrospective/test_gate_decision.py .............................. [ 50%]
........                                                                 [ 50%]
tests/retrospective/test_mode_detection.py ............................. [ 50%]
.............                                                            [ 50%]
tests/retrospective/test_reader_tolerance.py ...........                 [ 50%]
tests/retrospective/test_reducer_integration.py ........................ [ 50%]
..                                                                       [ 50%]
tests/retrospective/test_schema_roundtrip.py .............               [ 50%]
tests/retrospective/test_summary_cli.py ................                 [ 50%]
tests/retrospective/test_summary_tolerance.py ....................       [ 51%]
tests/retrospective/test_writer_atomicity.py .......                     [ 51%]
tests/review/test_arbiter.py ..........................................  [ 51%]
tests/review/test_artifacts.py ...............                           [ 51%]
tests/review/test_baseline.py ................................           [ 51%]
tests/review/test_ble001_guardrail.py ......                             [ 51%]
tests/review/test_cycle.py .......                                       [ 51%]
tests/review/test_dirty_classifier.py ............                       [ 51%]
tests/review/test_fix_prompt.py .................                        [ 51%]
tests/review/test_lock.py ...................                            [ 51%]
tests/review/test_prompt_metadata.py ....                                [ 51%]
tests/reviews/test_review_gate_activation.py .......                     [ 51%]
tests/runtime/test_agent_skills.py ..                                    [ 52%]
tests/runtime/test_banner_visibility.py .............                    [ 52%]
tests/runtime/test_bootstrap_unit.py ................................... [ 52%]
..                                                                       [ 52%]
tests/runtime/test_bootstrap_version_fallback.py ...                     [ 52%]
tests/runtime/test_config.py ......                                      [ 52%]
tests/runtime/test_config_show_origin_integration.py ........            [ 52%]
tests/runtime/test_doctor_command_file_health.py ..........              [ 52%]
tests/runtime/test_doctor_unit.py .......................                [ 52%]
tests/runtime/test_e2e_runtime_integration.py .............              [ 52%]
tests/runtime/test_global_runtime_convergence_unit.py .................. [ 52%]
........                                                                 [ 52%]
tests/runtime/test_home_unit.py ...s..............                       [ 52%]
tests/runtime/test_package_exports.py ..                                 [ 52%]
tests/runtime/test_paths_unit.py .......................                 [ 53%]
tests/runtime/test_project_resolver.py ..                                [ 53%]
tests/runtime/test_resolver_unit.py ....................                 [ 53%]
tests/runtime/test_setup_plan_sync_evidence.py ..........                [ 53%]
tests/runtime/test_show_origin_unit.py ...........                       [ 53%]
tests/runtime/test_tool_checker.py ....                                  [ 53%]
tests/runtime/test_utils.py ....                                         [ 53%]
tests/runtime/test_workspace_context_unit.py .....................       [ 53%]
tests/saas/test_readiness_integration.py .....                           [ 53%]
tests/saas/test_readiness_unit.py ..................                     [ 53%]
tests/saas/test_rollout.py .............................                 [ 53%]
tests/specify_cli/agent_utils/test_status.py ........................... [ 53%]
..                                                                       [ 53%]
tests/specify_cli/audit/test_detectors_row_family.py ................... [ 53%]
                                                                         [ 53%]
tests/specify_cli/bulk_edit/test_diff_check.py ......................... [ 54%]
.....                                                                    [ 54%]
tests/specify_cli/bulk_edit/test_gate.py .......                         [ 54%]
tests/specify_cli/bulk_edit/test_inference.py ...............            [ 54%]
tests/specify_cli/bulk_edit/test_occurrence_map.py ...................   [ 54%]
tests/specify_cli/bulk_edit/test_schema_and_template.py ...........      [ 54%]
tests/specify_cli/charter_lint/checks/test_contradiction.py ............ [ 54%]
                                                                         [ 54%]
tests/specify_cli/charter_lint/checks/test_orphan.py ............        [ 54%]
tests/specify_cli/charter_lint/checks/test_reference_integrity.py ...... [ 54%]
......                                                                   [ 54%]
tests/specify_cli/charter_lint/checks/test_staleness.py .............    [ 54%]
tests/specify_cli/charter_lint/test_engine.py ............               [ 54%]
tests/specify_cli/cli/commands/agent/test_feature_finalize_bootstrap.py F [ 54%]
..F.....FFF..F..FF                                                       [ 54%]
tests/specify_cli/cli/commands/agent/test_json_selector_errors.py ..     [ 54%]
tests/specify_cli/cli/commands/agent/test_review_cycle_counter.py ...... [ 54%]
                                                                         [ 54%]
tests/specify_cli/cli/commands/agent/test_review_lane_fix.py ........... [ 54%]
.......                                                                  [ 55%]
tests/specify_cli/cli/commands/agent/test_tasks.py ...............       [ 55%]
tests/specify_cli/cli/commands/agent/test_tasks_backward_emit.py ....... [ 55%]
...                                                                      [ 55%]
tests/specify_cli/cli/commands/agent/test_tasks_canonical_cleanup.py ... [ 55%]
...........                                                              [ 55%]
tests/specify_cli/cli/commands/agent/test_tasks_mark_status.py ........  [ 55%]
tests/specify_cli/cli/commands/agent/test_tasks_planning_artifact_lifecycle.py . [ 55%]
..                                                                       [ 55%]
tests/specify_cli/cli/commands/agent/test_tasks_status_progress.py ..    [ 55%]
tests/specify_cli/cli/commands/agent/test_tests_stale_check.py ........  [ 55%]
tests/specify_cli/cli/commands/agent/test_workflow.py ................   [ 55%]
tests/specify_cli/cli/commands/agent/test_workflow_canonical_cleanup.py . [ 55%]
............                                                             [ 55%]
tests/specify_cli/cli/commands/agent/test_wp_header_regex_depth.py ..... [ 55%]
...............                                                          [ 55%]
tests/specify_cli/cli/commands/agent/test_wrapper_delegation.py ..FF     [ 55%]
tests/specify_cli/cli/commands/review/test_dead_code_baseline.py ....    [ 55%]
tests/specify_cli/cli/commands/review/test_diagnostic_codes_documented.py . [ 55%]
.....                                                                    [ 55%]
tests/specify_cli/cli/commands/review/test_existing_matrix_remediation.py . [ 55%]
............................                                             [ 55%]
tests/specify_cli/cli/commands/review/test_issue_matrix_validator.py ... [ 55%]
..........................                                               [ 56%]
tests/specify_cli/cli/commands/review/test_mode_resolution.py .......... [ 56%]
......                                                                   [ 56%]
tests/specify_cli/cli/commands/test_agent_config_pi_letta.py ....        [ 56%]
tests/specify_cli/cli/commands/test_agent_config_vibe.py .....           [ 56%]
tests/specify_cli/cli/commands/test_charter.py .......                   [ 56%]
tests/specify_cli/cli/commands/test_charter_decision_integration.py .    [ 56%]
tests/specify_cli/cli/commands/test_charter_generate_autotrack.py ....   [ 56%]
tests/specify_cli/cli/commands/test_charter_lint.py ..........           [ 56%]
tests/specify_cli/cli/commands/test_charter_prereq_suppression.py ...... [ 56%]
..                                                                       [ 56%]
tests/specify_cli/cli/commands/test_charter_resynthesize.py ...          [ 56%]
tests/specify_cli/cli/commands/test_charter_status_provenance.py ....... [ 56%]
..                                                                       [ 56%]
tests/specify_cli/cli/commands/test_charter_widen.py ...........         [ 56%]
tests/specify_cli/cli/commands/test_charter_widen_integration.py ....... [ 56%]
............                                                             [ 56%]
tests/specify_cli/cli/commands/test_decision.py .....................    [ 56%]
tests/specify_cli/cli/commands/test_decision_widen_subcommand.py ....... [ 56%]
....................                                                     [ 56%]
tests/specify_cli/cli/commands/test_doctor_restart_daemon.py ........... [ 56%]
                                                                         [ 56%]
tests/specify_cli/cli/commands/test_end_of_interview_pending_pass.py ... [ 56%]
................                                                         [ 56%]
tests/specify_cli/cli/commands/test_glossary_show.py ....                [ 57%]
tests/specify_cli/cli/commands/test_implement_bulk_edit_flag.py ...      [ 57%]
tests/specify_cli/cli/commands/test_init_hybrid.py ......                [ 57%]
tests/specify_cli/cli/commands/test_init_integration.py ..............   [ 57%]
tests/specify_cli/cli/commands/test_init_manifest_coexistence.py ...     [ 57%]
tests/specify_cli/cli/commands/test_init_non_git_message.py ..           [ 57%]
tests/specify_cli/cli/commands/test_init_pi_letta.py ..                  [ 57%]
tests/specify_cli/cli/commands/test_init_schema_stamp.py ......          [ 57%]
tests/specify_cli/cli/commands/test_init_vibe.py .......                 [ 57%]
tests/specify_cli/cli/commands/test_intake.py ............               [ 57%]
tests/specify_cli/cli/commands/test_intake_cli_size_cap.py .....         [ 57%]
tests/specify_cli/cli/commands/test_intake_size_cap.py ...               [ 57%]
tests/specify_cli/cli/commands/test_materialize.py .............         [ 57%]
tests/specify_cli/cli/commands/test_merge.py ..........                  [ 57%]
tests/specify_cli/cli/commands/test_merge_dry_run_review_artifact.py ... [ 57%]
.                                                                        [ 57%]
tests/specify_cli/cli/commands/test_mission_type_rendering.py ..         [ 57%]
tests/specify_cli/cli/commands/test_plan_widen.py ....                   [ 57%]
tests/specify_cli/cli/commands/test_review.py .....                      [ 57%]
tests/specify_cli/cli/commands/test_selector_resolution.py ............. [ 57%]
..............                                                           [ 57%]
tests/specify_cli/cli/commands/test_specify_widen.py ....                [ 57%]
tests/specify_cli/cli/commands/test_sync_status_check_paths.py ....      [ 57%]
tests/specify_cli/cli/commands/test_test_env_check.py ..                 [ 57%]
tests/specify_cli/cli/commands/test_upgrade_command.py ................. [ 57%]
.........................                                                [ 58%]
tests/specify_cli/cli/commands/test_verify_vibe.py .....                 [ 58%]
tests/specify_cli/cli/test_decision_command_shape_consistency.py ...     [ 58%]
tests/specify_cli/cli/test_doctrine_cli_removed.py ...                   [ 58%]
tests/specify_cli/cli/test_no_visible_feature_alias.py ..                [ 58%]
tests/specify_cli/compat/test_cache.py ................................. [ 58%]
.......                                                                  [ 58%]
tests/specify_cli/compat/test_config.py ........................         [ 58%]
tests/specify_cli/compat/test_doctor.py ............................     [ 58%]
tests/specify_cli/compat/test_install_method.py ........................ [ 58%]
.                                                                        [ 58%]
tests/specify_cli/compat/test_messages.py ...........................    [ 58%]
tests/specify_cli/compat/test_planner.py ............................... [ 59%]
.....................................                                    [ 59%]
tests/specify_cli/compat/test_provider_fake.py .....................     [ 59%]
tests/specify_cli/compat/test_provider_no_network.py ........            [ 59%]
tests/specify_cli/compat/test_provider_pypi.py ......................... [ 59%]
...                                                                      [ 59%]
tests/specify_cli/compat/test_registry.py .............................. [ 59%]
....................................                                     [ 59%]
tests/specify_cli/compat/test_safety.py ....................             [ 60%]
tests/specify_cli/compat/test_upgrade_hint.py .......................... [ 60%]
...................                                                      [ 60%]
tests/specify_cli/context/test_cli.py ...................                [ 60%]
tests/specify_cli/context/test_middleware.py .............               [ 60%]
tests/specify_cli/context/test_models.py ...............                 [ 60%]
tests/specify_cli/context/test_resolver.py ............................. [ 60%]
.                                                                        [ 60%]
tests/specify_cli/context/test_store.py ..................               [ 60%]
tests/specify_cli/core/test_config_registry.py .........                 [ 60%]
tests/specify_cli/core/test_contract_gate.py ....................        [ 60%]
tests/specify_cli/core/test_feature_creation.py ...............          [ 61%]
tests/specify_cli/core/test_mission_creation_specify_started.py ...      [ 61%]
tests/specify_cli/core/test_skill_config.py .......                      [ 61%]
tests/specify_cli/core/test_worktree.py .................                [ 61%]
tests/specify_cli/core/test_worktree_topology.py ...                     [ 61%]
tests/specify_cli/dashboard/test_dashboard_wording.py .................. [ 61%]
                                                                         [ 61%]
tests/specify_cli/dashboard/test_dashboard_xss_hardening.py ..           [ 61%]
tests/specify_cli/dashboard/test_glossary_handler.py .............       [ 61%]
tests/specify_cli/dashboard/test_lint_tile_handler.py ........           [ 61%]
tests/specify_cli/decisions/test_emit.py ..........                      [ 61%]
tests/specify_cli/decisions/test_models.py ............................. [ 61%]
.......                                                                  [ 61%]
tests/specify_cli/decisions/test_service_idempotency.py ...........      [ 61%]
tests/specify_cli/decisions/test_service_terminal.py .................   [ 61%]
tests/specify_cli/decisions/test_store.py .............................  [ 62%]
tests/specify_cli/decisions/test_verify.py ................              [ 62%]
tests/specify_cli/decisions/test_verify_integration.py ...               [ 62%]
tests/specify_cli/docs/test_host_surface_inventory.py .....              [ 62%]
tests/specify_cli/docs/test_readme_governance.py FFFF..                  [ 62%]
tests/specify_cli/docs/test_trail_model_doc.py .......F.                 [ 62%]
tests/specify_cli/dossier/test_integration.py .......................... [ 62%]
...                                                                      [ 62%]
tests/specify_cli/glossary/test_chokepoint.py ...................        [ 62%]
tests/specify_cli/glossary/test_drg_builder.py ........................  [ 62%]
tests/specify_cli/glossary/test_entity_pages.py ............             [ 62%]
tests/specify_cli/glossary/test_observation.py ...............           [ 62%]
tests/specify_cli/integration/test_context_lifecycle.py ................ [ 62%]
.......                                                                  [ 62%]
tests/specify_cli/integration/test_migration_e2e.py .............        [ 63%]
tests/specify_cli/invocation/cli/test_advise.py .........FF.....         [ 63%]
tests/specify_cli/invocation/cli/test_do.py .........F..                 [ 63%]
tests/specify_cli/invocation/cli/test_invocations.py .............       [ 63%]
tests/specify_cli/invocation/cli/test_profiles.py .........              [ 63%]
tests/specify_cli/invocation/test_correlation.py .........               [ 63%]
tests/specify_cli/invocation/test_evidence_promotion.py ....             [ 63%]
tests/specify_cli/invocation/test_executor.py ........                   [ 63%]
tests/specify_cli/invocation/test_executor_glossary.py .....             [ 63%]
tests/specify_cli/invocation/test_invocation_e2e.py .................... [ 63%]
...                                                                      [ 63%]
tests/specify_cli/invocation/test_lifecycle_pairing.py ................. [ 63%]
........                                                                 [ 63%]
tests/specify_cli/invocation/test_modes.py ..............                [ 63%]
tests/specify_cli/invocation/test_projection_policy.py ................. [ 63%]
...........                                                              [ 63%]
tests/specify_cli/invocation/test_propagator.py ......                   [ 63%]
tests/specify_cli/invocation/test_propagator_policy.py ................. [ 64%]
..                                                                       [ 64%]
tests/specify_cli/invocation/test_propagator_sync_gate.py ...            [ 64%]
tests/specify_cli/invocation/test_record.py .....F...................... [ 64%]
...                                                                      [ 64%]
tests/specify_cli/invocation/test_registry.py ........                   [ 64%]
tests/specify_cli/invocation/test_router.py .....................        [ 64%]
tests/specify_cli/invocation/test_writer.py ...........                  [ 64%]
tests/specify_cli/lanes/test_recovery.py ....................            [ 64%]
tests/specify_cli/migration/test_backfill_identity.py ................   [ 64%]
tests/specify_cli/migration/test_backfill_ownership.py ......            [ 64%]
tests/specify_cli/migration/test_normalize_mission_lifecycle.py .....    [ 64%]
tests/specify_cli/migration/test_rebuild_state.py ...................... [ 64%]
.........                                                                [ 64%]
tests/specify_cli/migration/test_rewrite_shims.py ........               [ 64%]
tests/specify_cli/migration/test_runner.py .................             [ 65%]
tests/specify_cli/migration/test_schema_version.py ...F...........       [ 65%]
tests/specify_cli/migration/test_schema_version_range.py ......          [ 65%]
tests/specify_cli/migration/test_strip_frontmatter.py ........           [ 65%]
tests/specify_cli/mission_step_contracts/test_documentation_composition.py . [ 65%]
.....                                                                    [ 65%]
tests/specify_cli/mission_step_contracts/test_executor.py ....           [ 65%]
tests/specify_cli/mission_step_contracts/test_research_composition.py .. [ 65%]
...................                                                      [ 65%]
tests/specify_cli/mission_step_contracts/test_software_dev_composition.py . [ 65%]
...........                                                              [ 65%]
tests/specify_cli/mission_v1/test_guards_bulk_edit.py .......            [ 65%]
tests/specify_cli/next/test_decision_validation.py ........              [ 65%]
tests/specify_cli/next/test_runtime_bridge.py ..................         [ 65%]
tests/specify_cli/next/test_runtime_bridge_composition.py .............. [ 65%]
........................                                                 [ 65%]
tests/specify_cli/next/test_runtime_bridge_documentation_composition.py . [ 65%]
....................                                                     [ 65%]
tests/specify_cli/next/test_runtime_bridge_research_composition.py ..... [ 65%]
...........................                                              [ 66%]
tests/specify_cli/ownership/test_audit_scope.py ........................ [ 66%]
......                                                                   [ 66%]
tests/specify_cli/ownership/test_inference.py .......................... [ 66%]
.                                                                        [ 66%]
tests/specify_cli/ownership/test_models.py ..................            [ 66%]
tests/specify_cli/ownership/test_validation.py ......................... [ 66%]
....                                                                     [ 66%]
tests/specify_cli/ownership/test_workspace_strategy.py ....              [ 66%]
tests/specify_cli/regression/test_twelve_agent_parity.py FFFFFFFFFFFFFFF [ 66%]
FFFFFFFFFFFFFFFFFFFFFFFFFFFFFFFFFFFFFFFFFFFFFFFFFFFFFFFFFFFFFFFFFFFFFFFF [ 67%]
FFFFFFFFFFFFFFFFFFFFFFFFFFFFFFFFFFFFFFFFFFFFFFFFFFFFFFFF................ [ 67%]
...........................                                              [ 67%]
tests/specify_cli/review/test_arbiter.py .................               [ 67%]
tests/specify_cli/runtime/test_agent_commands_routing.py .......         [ 67%]
tests/specify_cli/saas_client/test_client.py ........................... [ 68%]
....                                                                     [ 68%]
tests/specify_cli/scripts/tasks/test_tasks_cli.py ...................    [ 68%]
tests/specify_cli/shims/test_direct_commands.py ........................ [ 68%]
.......                                                                  [ 68%]
tests/specify_cli/shims/test_generator.py .............................. [ 68%]
....................................                                     [ 68%]
tests/specify_cli/shims/test_registry.py ............................... [ 68%]
........................................................................ [ 69%]
.......                                                                  [ 69%]
tests/specify_cli/skills/test_command_installer.py ..................... [ 69%]
.......................                                                  [ 69%]
tests/specify_cli/skills/test_command_renderer.py ...................... [ 69%]
....................................................................     [ 70%]
tests/specify_cli/skills/test_e2e.py ......                              [ 70%]
tests/specify_cli/skills/test_installer.py .....................         [ 70%]
tests/specify_cli/skills/test_manifest.py .............                  [ 70%]
tests/specify_cli/skills/test_manifest_store.py ........................ [ 70%]
.............                                                            [ 70%]
tests/specify_cli/skills/test_registry.py ...........                    [ 70%]
tests/specify_cli/skills/test_verifier.py ............                   [ 70%]
tests/specify_cli/status/test_agent_assignment.py ...................... [ 70%]
...                                                                      [ 70%]
tests/specify_cli/status/test_in_review_display.py ..............        [ 70%]
tests/specify_cli/status/test_lifecycle.py .....                         [ 70%]
tests/specify_cli/status/test_progress.py ..........................     [ 71%]
tests/specify_cli/status/test_progress_integration.py ...........        [ 71%]
tests/specify_cli/status/test_transition_context.py .......              [ 71%]
tests/specify_cli/status/test_wp_metadata.py ........................... [ 71%]
.....................................................                    [ 71%]
tests/specify_cli/status/test_wp_metadata_resolved_agent.py ............ [ 71%]
.                                                                        [ 71%]
tests/specify_cli/status/test_wp_state.py .............................. [ 71%]
[...]
FAILED tests/specify_cli/regression/test_twelve_agent_parity.py::test_command_output_unchanged[implement-kilocode]
FAILED tests/specify_cli/regression/test_twelve_agent_parity.py::test_command_output_unchanged[implement-auggie]
FAILED tests/specify_cli/regression/test_twelve_agent_parity.py::test_command_output_unchanged[implement-roo]
FAILED tests/specify_cli/regression/test_twelve_agent_parity.py::test_command_output_unchanged[implement-q]
FAILED tests/specify_cli/regression/test_twelve_agent_parity.py::test_command_output_unchanged[implement-kiro]
FAILED tests/specify_cli/regression/test_twelve_agent_parity.py::test_command_output_unchanged[implement-antigravity]
FAILED tests/specify_cli/regression/test_twelve_agent_parity.py::test_command_output_unchanged[plan-claude]
FAILED tests/specify_cli/regression/test_twelve_agent_parity.py::test_command_output_unchanged[plan-gemini]
FAILED tests/specify_cli/regression/test_twelve_agent_parity.py::test_command_output_unchanged[plan-copilot]
FAILED tests/specify_cli/regression/test_twelve_agent_parity.py::test_command_output_unchanged[plan-cursor]
FAILED tests/specify_cli/regression/test_twelve_agent_parity.py::test_command_output_unchanged[plan-qwen]
FAILED tests/specify_cli/regression/test_twelve_agent_parity.py::test_command_output_unchanged[plan-opencode]
FAILED tests/specify_cli/regression/test_twelve_agent_parity.py::test_command_output_unchanged[plan-windsurf]
FAILED tests/specify_cli/regression/test_twelve_agent_parity.py::test_command_output_unchanged[plan-kilocode]
FAILED tests/specify_cli/regression/test_twelve_agent_parity.py::test_command_output_unchanged[plan-auggie]
FAILED tests/specify_cli/regression/test_twelve_agent_parity.py::test_command_output_unchanged[plan-roo]
FAILED tests/specify_cli/regression/test_twelve_agent_parity.py::test_command_output_unchanged[plan-q]
FAILED tests/specify_cli/regression/test_twelve_agent_parity.py::test_command_output_unchanged[plan-kiro]
FAILED tests/specify_cli/regression/test_twelve_agent_parity.py::test_command_output_unchanged[plan-antigravity]
FAILED tests/specify_cli/regression/test_twelve_agent_parity.py::test_command_output_unchanged[research-claude]
FAILED tests/specify_cli/regression/test_twelve_agent_parity.py::test_command_output_unchanged[research-gemini]
FAILED tests/specify_cli/regression/test_twelve_agent_parity.py::test_command_output_unchanged[research-copilot]
FAILED tests/specify_cli/regression/test_twelve_agent_parity.py::test_command_output_unchanged[research-cursor]
FAILED tests/specify_cli/regression/test_twelve_agent_parity.py::test_command_output_unchanged[research-qwen]
FAILED tests/specify_cli/regression/test_twelve_agent_parity.py::test_command_output_unchanged[research-opencode]
FAILED tests/specify_cli/regression/test_twelve_agent_parity.py::test_command_output_unchanged[research-windsurf]
FAILED tests/specify_cli/regression/test_twelve_agent_parity.py::test_command_output_unchanged[research-kilocode]
FAILED tests/specify_cli/regression/test_twelve_agent_parity.py::test_command_output_unchanged[research-auggie]
FAILED tests/specify_cli/regression/test_twelve_agent_parity.py::test_command_output_unchanged[research-roo]
FAILED tests/specify_cli/regression/test_twelve_agent_parity.py::test_command_output_unchanged[research-q]
FAILED tests/specify_cli/regression/test_twelve_agent_parity.py::test_command_output_unchanged[research-kiro]
FAILED tests/specify_cli/regression/test_twelve_agent_parity.py::test_command_output_unchanged[research-antigravity]
FAILED tests/specify_cli/regression/test_twelve_agent_parity.py::test_command_output_unchanged[review-claude]
FAILED tests/specify_cli/regression/test_twelve_agent_parity.py::test_command_output_unchanged[review-gemini]
FAILED tests/specify_cli/regression/test_twelve_agent_parity.py::test_command_output_unchanged[review-copilot]
FAILED tests/specify_cli/regression/test_twelve_agent_parity.py::test_command_output_unchanged[review-cursor]
FAILED tests/specify_cli/regression/test_twelve_agent_parity.py::test_command_output_unchanged[review-qwen]
FAILED tests/specify_cli/regression/test_twelve_agent_parity.py::test_command_output_unchanged[review-opencode]
FAILED tests/specify_cli/regression/test_twelve_agent_parity.py::test_command_output_unchanged[review-windsurf]
FAILED tests/specify_cli/regression/test_twelve_agent_parity.py::test_command_output_unchanged[review-kilocode]
FAILED tests/specify_cli/regression/test_twelve_agent_parity.py::test_command_output_unchanged[review-auggie]
FAILED tests/specify_cli/regression/test_twelve_agent_parity.py::test_command_output_unchanged[review-roo]
FAILED tests/specify_cli/regression/test_twelve_agent_parity.py::test_command_output_unchanged[review-q]
FAILED tests/specify_cli/regression/test_twelve_agent_parity.py::test_command_output_unchanged[review-kiro]
FAILED tests/specify_cli/regression/test_twelve_agent_parity.py::test_command_output_unchanged[review-antigravity]
FAILED tests/specify_cli/regression/test_twelve_agent_parity.py::test_command_output_unchanged[specify-claude]
FAILED tests/specify_cli/regression/test_twelve_agent_parity.py::test_command_output_unchanged[specify-gemini]
FAILED tests/specify_cli/regression/test_twelve_agent_parity.py::test_command_output_unchanged[specify-copilot]
FAILED tests/specify_cli/regression/test_twelve_agent_parity.py::test_command_output_unchanged[specify-cursor]
FAILED tests/specify_cli/regression/test_twelve_agent_parity.py::test_command_output_unchanged[specify-qwen]
FAILED tests/specify_cli/regression/test_twelve_agent_parity.py::test_command_output_unchanged[specify-opencode]
FAILED tests/specify_cli/regression/test_twelve_agent_parity.py::test_command_output_unchanged[specify-windsurf]
FAILED tests/specify_cli/regression/test_twelve_agent_parity.py::test_command_output_unchanged[specify-kilocode]
FAILED tests/specify_cli/regression/test_twelve_agent_parity.py::test_command_output_unchanged[specify-auggie]
FAILED tests/specify_cli/regression/test_twelve_agent_parity.py::test_command_output_unchanged[specify-roo]
FAILED tests/specify_cli/regression/test_twelve_agent_parity.py::test_command_output_unchanged[specify-q]
FAILED tests/specify_cli/regression/test_twelve_agent_parity.py::test_command_output_unchanged[specify-kiro]
FAILED tests/specify_cli/regression/test_twelve_agent_parity.py::test_command_output_unchanged[specify-antigravity]
FAILED tests/specify_cli/regression/test_twelve_agent_parity.py::test_command_output_unchanged[tasks-claude]
FAILED tests/specify_cli/regression/test_twelve_agent_parity.py::test_command_output_unchanged[tasks-gemini]
FAILED tests/specify_cli/regression/test_twelve_agent_parity.py::test_command_output_unchanged[tasks-copilot]
FAILED tests/specify_cli/regression/test_twelve_agent_parity.py::test_command_output_unchanged[tasks-cursor]
FAILED tests/specify_cli/regression/test_twelve_agent_parity.py::test_command_output_unchanged[tasks-qwen]
FAILED tests/specify_cli/regression/test_twelve_agent_parity.py::test_command_output_unchanged[tasks-opencode]
FAILED tests/specify_cli/regression/test_twelve_agent_parity.py::test_command_output_unchanged[tasks-windsurf]
FAILED tests/specify_cli/regression/test_twelve_agent_parity.py::test_command_output_unchanged[tasks-kilocode]
FAILED tests/specify_cli/regression/test_twelve_agent_parity.py::test_command_output_unchanged[tasks-auggie]
FAILED tests/specify_cli/regression/test_twelve_agent_parity.py::test_command_output_unchanged[tasks-roo]
FAILED tests/specify_cli/regression/test_twelve_agent_parity.py::test_command_output_unchanged[tasks-q]
FAILED tests/specify_cli/regression/test_twelve_agent_parity.py::test_command_output_unchanged[tasks-kiro]
FAILED tests/specify_cli/regression/test_twelve_agent_parity.py::test_command_output_unchanged[tasks-antigravity]
FAILED tests/specify_cli/regression/test_twelve_agent_parity.py::test_command_output_unchanged[tasks-finalize-claude]
FAILED tests/specify_cli/regression/test_twelve_agent_parity.py::test_command_output_unchanged[tasks-finalize-gemini]
FAILED tests/specify_cli/regression/test_twelve_agent_parity.py::test_command_output_unchanged[tasks-finalize-copilot]
FAILED tests/specify_cli/regression/test_twelve_agent_parity.py::test_command_output_unchanged[tasks-finalize-cursor]
FAILED tests/specify_cli/regression/test_twelve_agent_parity.py::test_command_output_unchanged[tasks-finalize-qwen]
FAILED tests/specify_cli/regression/test_twelve_agent_parity.py::test_command_output_unchanged[tasks-finalize-opencode]
FAILED tests/specify_cli/regression/test_twelve_agent_parity.py::test_command_output_unchanged[tasks-finalize-windsurf]
FAILED tests/specify_cli/regression/test_twelve_agent_parity.py::test_command_output_unchanged[tasks-finalize-kilocode]
FAILED tests/specify_cli/regression/test_twelve_agent_parity.py::test_command_output_unchanged[tasks-finalize-auggie]
FAILED tests/specify_cli/regression/test_twelve_agent_parity.py::test_command_output_unchanged[tasks-finalize-roo]
FAILED tests/specify_cli/regression/test_twelve_agent_parity.py::test_command_output_unchanged[tasks-finalize-q]
FAILED tests/specify_cli/regression/test_twelve_agent_parity.py::test_command_output_unchanged[tasks-finalize-kiro]
FAILED tests/specify_cli/regression/test_twelve_agent_parity.py::test_command_output_unchanged[tasks-finalize-antigravity]
FAILED tests/specify_cli/regression/test_twelve_agent_parity.py::test_command_output_unchanged[tasks-outline-claude]
FAILED tests/specify_cli/regression/test_twelve_agent_parity.py::test_command_output_unchanged[tasks-outline-gemini]
FAILED tests/specify_cli/regression/test_twelve_agent_parity.py::test_command_output_unchanged[tasks-outline-copilot]
FAILED tests/specify_cli/regression/test_twelve_agent_parity.py::test_command_output_unchanged[tasks-outline-cursor]
FAILED tests/specify_cli/regression/test_twelve_agent_parity.py::test_command_output_unchanged[tasks-outline-qwen]
FAILED tests/specify_cli/regression/test_twelve_agent_parity.py::test_command_output_unchanged[tasks-outline-opencode]
FAILED tests/specify_cli/regression/test_twelve_agent_parity.py::test_command_output_unchanged[tasks-outline-windsurf]
FAILED tests/specify_cli/regression/test_twelve_agent_parity.py::test_command_output_unchanged[tasks-outline-kilocode]
FAILED tests/specify_cli/regression/test_twelve_agent_parity.py::test_command_output_unchanged[tasks-outline-auggie]
FAILED tests/specify_cli/regression/test_twelve_agent_parity.py::test_command_output_unchanged[tasks-outline-roo]
FAILED tests/specify_cli/regression/test_twelve_agent_parity.py::test_command_output_unchanged[tasks-outline-q]
FAILED tests/specify_cli/regression/test_twelve_agent_parity.py::test_command_output_unchanged[tasks-outline-kiro]
FAILED tests/specify_cli/regression/test_twelve_agent_parity.py::test_command_output_unchanged[tasks-outline-antigravity]
FAILED tests/specify_cli/regression/test_twelve_agent_parity.py::test_command_output_unchanged[tasks-packages-claude]
FAILED tests/specify_cli/regression/test_twelve_agent_parity.py::test_command_output_unchanged[tasks-packages-gemini]
FAILED tests/specify_cli/regression/test_twelve_agent_parity.py::test_command_output_unchanged[tasks-packages-copilot]
FAILED tests/specify_cli/regression/test_twelve_agent_parity.py::test_command_output_unchanged[tasks-packages-cursor]
FAILED tests/specify_cli/regression/test_twelve_agent_parity.py::test_command_output_unchanged[tasks-packages-qwen]
FAILED tests/specify_cli/regression/test_twelve_agent_parity.py::test_command_output_unchanged[tasks-packages-opencode]
FAILED tests/specify_cli/regression/test_twelve_agent_parity.py::test_command_output_unchanged[tasks-packages-windsurf]
FAILED tests/specify_cli/regression/test_twelve_agent_parity.py::test_command_output_unchanged[tasks-packages-kilocode]
FAILED tests/specify_cli/regression/test_twelve_agent_parity.py::test_command_output_unchanged[tasks-packages-auggie]
FAILED tests/specify_cli/regression/test_twelve_agent_parity.py::test_command_output_unchanged[tasks-packages-roo]
FAILED tests/specify_cli/regression/test_twelve_agent_parity.py::test_command_output_unchanged[tasks-packages-q]
FAILED tests/specify_cli/regression/test_twelve_agent_parity.py::test_command_output_unchanged[tasks-packages-kiro]
FAILED tests/specify_cli/regression/test_twelve_agent_parity.py::test_command_output_unchanged[tasks-packages-antigravity]
FAILED tests/specify_cli/test_cli/test_map_requirements.py::TestFinalizeTasksWithFrontmatterRefs::test_finalize_reads_requirement_refs_from_frontmatter
FAILED tests/specify_cli/test_cli/test_map_requirements.py::TestFinalizeTasksWithFrontmatterRefs::test_frontmatter_takes_priority_over_stale_tasks_md
FAILED tests/specify_cli/test_codebase_sweep.py::test_no_direct_meta_json_writes_outside_feature_metadata
FAILED tests/specify_cli/test_command_template_cleanliness.py::test_template_exists[checklist]
FAILED tests/specify_cli/test_command_template_cleanliness.py::test_template_minimum_length[checklist]
FAILED tests/specify_cli/test_command_template_cleanliness.py::test_no_057_mission_slug[checklist]
FAILED tests/specify_cli/test_command_template_cleanliness.py::test_no_dev_specific_mission_slugs[checklist]
FAILED tests/specify_cli/test_command_template_cleanliness.py::test_no_absolute_user_paths[checklist]
FAILED tests/specify_cli/test_command_template_cleanliness.py::test_no_kittify_missions_read_instruction[checklist]
FAILED tests/specify_cli/test_command_template_cleanliness.py::test_no_planning_repository_terminology[checklist]
FAILED tests/specify_cli/test_command_template_cleanliness.py::test_has_yaml_frontmatter_with_description[checklist]
FAILED tests/specify_cli/test_command_template_cleanliness.py::test_has_feature_flag_guidance[checklist]
FAILED tests/specify_cli/test_documentation_prompt_resolution.py::test_resolve_command_returns_nonempty_template[discover]
FAILED tests/specify_cli/test_documentation_prompt_resolution.py::test_resolve_command_returns_nonempty_template[audit]
FAILED tests/specify_cli/test_documentation_prompt_resolution.py::test_resolve_command_returns_nonempty_template[design]
FAILED tests/specify_cli/test_documentation_prompt_resolution.py::test_resolve_command_returns_nonempty_template[generate]
FAILED tests/specify_cli/test_documentation_prompt_resolution.py::test_resolve_command_returns_nonempty_template[validate]
FAILED tests/specify_cli/test_documentation_prompt_resolution.py::test_resolve_command_returns_nonempty_template[publish]
FAILED tests/specify_cli/test_documentation_prompt_resolution.py::test_resolve_command_returns_nonempty_template[accept]
FAILED tests/specify_cli/test_documentation_prompt_resolution.py::test_resolve_command_lands_in_command_templates_tier[discover]
FAILED tests/specify_cli/test_documentation_prompt_resolution.py::test_resolve_command_lands_in_command_templates_tier[audit]
FAILED tests/specify_cli/test_documentation_prompt_resolution.py::test_resolve_command_lands_in_command_templates_tier[design]
FAILED tests/specify_cli/test_documentation_prompt_resolution.py::test_resolve_command_lands_in_command_templates_tier[generate]
FAILED tests/specify_cli/test_documentation_prompt_resolution.py::test_resolve_command_lands_in_command_templates_tier[validate]
FAILED tests/specify_cli/test_documentation_prompt_resolution.py::test_resolve_command_lands_in_command_templates_tier[publish]
FAILED tests/specify_cli/test_documentation_prompt_resolution.py::test_resolve_command_lands_in_command_templates_tier[accept]
FAILED tests/specify_cli/test_lane_regression_guard.py::test_runtime_no_frontmatter_lane_access[src/specify_cli/audit/classifiers/wp_files.py]
FAILED tests/specify_cli/test_research_prompt_resolution.py::test_resolve_command_returns_nonempty_template[scoping]
FAILED tests/specify_cli/test_research_prompt_resolution.py::test_resolve_command_returns_nonempty_template[methodology]
FAILED tests/specify_cli/test_research_prompt_resolution.py::test_resolve_command_returns_nonempty_template[gathering]
FAILED tests/specify_cli/test_research_prompt_resolution.py::test_resolve_command_returns_nonempty_template[synthesis]
FAILED tests/specify_cli/test_research_prompt_resolution.py::test_resolve_command_returns_nonempty_template[output]
FAILED tests/specify_cli/test_research_prompt_resolution.py::test_resolve_command_returns_nonempty_template[accept]
FAILED tests/specify_cli/test_research_prompt_resolution.py::test_resolve_command_lands_in_command_templates_tier[scoping]
FAILED tests/specify_cli/test_research_prompt_resolution.py::test_resolve_command_lands_in_command_templates_tier[methodology]
FAILED tests/specify_cli/test_research_prompt_resolution.py::test_resolve_command_lands_in_command_templates_tier[gathering]
FAILED tests/specify_cli/test_research_prompt_resolution.py::test_resolve_command_lands_in_command_templates_tier[synthesis]
FAILED tests/specify_cli/test_research_prompt_resolution.py::test_resolve_command_lands_in_command_templates_tier[output]
FAILED tests/specify_cli/test_research_prompt_resolution.py::test_resolve_command_lands_in_command_templates_tier[accept]
FAILED tests/sync/test_daemon_intent_gate.py::test_no_unauthorized_daemon_call_sites
FAILED tests/sync/test_sync_doctor.py::TestDoctorCommand::test_doctor_healthy
FAILED tests/tasks/test_finalize_tasks_json_output_unit.py::TestFinalizeTasks::test_json_output_commit_hash_is_40_char_hex
FAILED tests/tasks/test_finalize_tasks_json_output_unit.py::TestFinalizeTasks::test_json_output_commit_created_true_when_changes_exist
FAILED tests/tasks/test_finalize_tasks_json_output_unit.py::TestFinalizeTasks::test_json_output_commit_created_false_when_nothing_to_commit
FAILED tests/tasks/test_finalize_tasks_json_output_unit.py::TestFinalizeTasks::test_json_output_files_committed_includes_tasks_and_wp_files
FAILED tests/tasks/test_finalize_tasks_json_output_unit.py::TestFinalizeTasks::test_json_output_schema_has_all_required_fields
FAILED tests/tasks/test_finalize_tasks_json_output_unit.py::TestFinalizeTasks::test_json_reports_modified_unchanged_preserved
FAILED tests/tasks/test_finalize_tasks_wps_yaml_unit.py::TestFinalizTasksWithWpsYaml::test_wps_yaml_deps_used_not_prose
FAILED tests/tasks/test_finalize_tasks_wps_yaml_unit.py::TestFinalizTasksWithWpsYaml::test_explicit_empty_deps_not_overwritten
FAILED tests/tasks/test_finalize_tasks_wps_yaml_unit.py::TestFinalizTasksWithWpsYaml::test_tasks_md_regenerated_from_manifest
FAILED tests/tasks/test_finalize_tasks_wps_yaml_unit.py::TestFinalizTasksWithWpsYaml::test_no_wps_yaml_uses_prose_parser
FAILED tests/tasks/test_planning_workflow_integration.py::test_create_feature_in_main_no_worktree
FAILED tests/tasks/test_planning_workflow_integration.py::test_setup_plan_in_main
FAILED tests/tasks/test_planning_workflow_integration.py::test_setup_plan_explicit_feature_reports_spec_path
FAILED tests/tasks/test_planning_workflow_integration.py::test_setup_plan_ambiguous_context_returns_candidates
FAILED tests/tasks/test_planning_workflow_integration.py::test_setup_plan_missing_spec_reports_absolute_path
FAILED tests/tasks/test_planning_workflow_integration.py::test_full_planning_workflow_no_worktrees
FAILED tests/tasks/test_planning_workflow_integration.py::test_check_prerequisites_works_in_main
FAILED tests/tasks/test_planning_workflow_integration.py::test_check_prerequisites_ambiguous_context_returns_candidates
FAILED tests/tasks/test_planning_workflow_integration.py::test_finalize_tasks_ambiguous_context_returns_candidates
FAILED tests/tasks/test_tasks_2x_unit.py::TestStatusInProgressLane::test_in_progress_wp_appears_in_json_output
FAILED tests/tasks/test_tasks_2x_unit.py::TestStatusInProgressLane::test_in_progress_wp_appears_in_rich_output
FAILED tests/test_dashboard/test_scanner.py::test_build_event_log_kanban_stats_tolerates_weighted_progress_failure
= 282 failed, 17653 passed, 65 skipped, 23 xfailed, 1 xpassed, 405 warnings in 1051.39s (0:17:31) =
